{"C:\\Users\\jhanp\\Downloads\\proyecto-taller\\genesis-motors-backend\\src\\app.js": {"path":"C:\\Users\\jhanp\\Downloads\\proyecto-taller\\genesis-motors-backend\\src\\app.js","statementMap":{"0":{"start":{"line":1,"column":16},"end":{"line":1,"column":34}},"1":{"start":{"line":2,"column":13},"end":{"line":2,"column":28}},"2":{"start":{"line":5,"column":19},"end":{"line":5,"column":50}},"3":{"start":{"line":6,"column":19},"end":{"line":6,"column":50}},"4":{"start":{"line":7,"column":21},"end":{"line":7,"column":54}},"5":{"start":{"line":8,"column":22},"end":{"line":8,"column":56}},"6":{"start":{"line":9,"column":26},"end":{"line":9,"column":64}},"7":{"start":{"line":10,"column":24},"end":{"line":10,"column":60}},"8":{"start":{"line":11,"column":22},"end":{"line":11,"column":56}},"9":{"start":{"line":12,"column":24},"end":{"line":12,"column":60}},"10":{"start":{"line":13,"column":27},"end":{"line":13,"column":66}},"11":{"start":{"line":15,"column":12},"end":{"line":15,"column":21}},"12":{"start":{"line":18,"column":0},"end":{"line":26,"column":4}},"13":{"start":{"line":29,"column":0},"end":{"line":29,"column":24}},"14":{"start":{"line":30,"column":0},"end":{"line":30,"column":48}},"15":{"start":{"line":33,"column":0},"end":{"line":33,"column":33}},"16":{"start":{"line":34,"column":0},"end":{"line":34,"column":34}},"17":{"start":{"line":35,"column":0},"end":{"line":35,"column":38}},"18":{"start":{"line":36,"column":0},"end":{"line":36,"column":40}},"19":{"start":{"line":37,"column":0},"end":{"line":37,"column":48}},"20":{"start":{"line":38,"column":0},"end":{"line":38,"column":45}},"21":{"start":{"line":39,"column":0},"end":{"line":39,"column":40}},"22":{"start":{"line":40,"column":0},"end":{"line":40,"column":43}},"23":{"start":{"line":41,"column":0},"end":{"line":41,"column":50}},"24":{"start":{"line":44,"column":0},"end":{"line":49,"column":3}},"25":{"start":{"line":45,"column":2},"end":{"line":48,"column":5}},"26":{"start":{"line":52,"column":0},"end":{"line":54,"column":3}},"27":{"start":{"line":53,"column":2},"end":{"line":53,"column":56}},"28":{"start":{"line":57,"column":0},"end":{"line":63,"column":3}},"29":{"start":{"line":58,"column":2},"end":{"line":58,"column":31}},"30":{"start":{"line":59,"column":2},"end":{"line":62,"column":5}},"31":{"start":{"line":65,"column":0},"end":{"line":65,"column":21}}},"fnMap":{"0":{"name":"(anonymous_0)","decl":{"start":{"line":44,"column":13},"end":{"line":44,"column":14}},"loc":{"start":{"line":44,"column":27},"end":{"line":49,"column":1}},"line":44},"1":{"name":"(anonymous_1)","decl":{"start":{"line":52,"column":8},"end":{"line":52,"column":9}},"loc":{"start":{"line":52,"column":22},"end":{"line":54,"column":1}},"line":52},"2":{"name":"(anonymous_2)","decl":{"start":{"line":57,"column":8},"end":{"line":57,"column":9}},"loc":{"start":{"line":57,"column":33},"end":{"line":63,"column":1}},"line":57}},"branchMap":{"0":{"loc":{"start":{"line":61,"column":13},"end":{"line":61,"column":84}},"type":"cond-expr","locations":[{"start":{"line":61,"column":54},"end":{"line":61,"column":65}},{"start":{"line":61,"column":68},"end":{"line":61,"column":84}}],"line":61}},"s":{"0":2,"1":2,"2":2,"3":2,"4":2,"5":2,"6":2,"7":2,"8":2,"9":2,"10":2,"11":2,"12":2,"13":2,"14":2,"15":2,"16":2,"17":2,"18":2,"19":2,"20":2,"21":2,"22":2,"23":2,"24":2,"25":0,"26":2,"27":0,"28":2,"29":0,"30":0,"31":2},"f":{"0":0,"1":0,"2":0},"b":{"0":[0,0]},"_coverageSchema":"1a1c01bbd47fc00a2c39e90264f33305004495a9","hash":"75544e6d6e7566b721195ca408300ed7550faae3"}
,"C:\\Users\\jhanp\\Downloads\\proyecto-taller\\genesis-motors-backend\\src\\controllers\\appointment.controller.js": {"path":"C:\\Users\\jhanp\\Downloads\\proyecto-taller\\genesis-motors-backend\\src\\controllers\\appointment.controller.js","statementMap":{"0":{"start":{"line":1,"column":58},"end":{"line":1,"column":78}},"1":{"start":{"line":2,"column":15},"end":{"line":2,"column":35}},"2":{"start":{"line":3,"column":18},"end":{"line":3,"column":47}},"3":{"start":{"line":5,"column":30},"end":{"line":237,"column":1}},"4":{"start":{"line":8,"column":4},"end":{"line":57,"column":5}},"5":{"start":{"line":9,"column":44},"end":{"line":9,"column":53}},"6":{"start":{"line":10,"column":18},"end":{"line":10,"column":20}},"7":{"start":{"line":12,"column":6},"end":{"line":21,"column":7}},"8":{"start":{"line":13,"column":26},"end":{"line":13,"column":41}},"9":{"start":{"line":14,"column":8},"end":{"line":14,"column":39}},"10":{"start":{"line":15,"column":24},"end":{"line":15,"column":39}},"11":{"start":{"line":16,"column":8},"end":{"line":16,"column":42}},"12":{"start":{"line":18,"column":8},"end":{"line":20,"column":10}},"13":{"start":{"line":23,"column":6},"end":{"line":25,"column":7}},"14":{"start":{"line":24,"column":8},"end":{"line":24,"column":30}},"15":{"start":{"line":27,"column":6},"end":{"line":29,"column":7}},"16":{"start":{"line":28,"column":8},"end":{"line":28,"column":38}},"17":{"start":{"line":31,"column":27},"end":{"line":51,"column":8}},"18":{"start":{"line":53,"column":6},"end":{"line":53,"column":33}},"19":{"start":{"line":55,"column":6},"end":{"line":55,"column":54}},"20":{"start":{"line":56,"column":6},"end":{"line":56,"column":64}},"21":{"start":{"line":62,"column":4},"end":{"line":89,"column":5}},"22":{"start":{"line":63,"column":21},"end":{"line":63,"column":31}},"23":{"start":{"line":64,"column":26},"end":{"line":79,"column":8}},"24":{"start":{"line":81,"column":6},"end":{"line":83,"column":7}},"25":{"start":{"line":82,"column":8},"end":{"line":82,"column":69}},"26":{"start":{"line":85,"column":6},"end":{"line":85,"column":32}},"27":{"start":{"line":87,"column":6},"end":{"line":87,"column":53}},"28":{"start":{"line":88,"column":6},"end":{"line":88,"column":63}},"29":{"start":{"line":94,"column":24},"end":{"line":94,"column":53}},"30":{"start":{"line":96,"column":4},"end":{"line":166,"column":5}},"31":{"start":{"line":97,"column":83},"end":{"line":97,"column":91}},"32":{"start":{"line":100,"column":21},"end":{"line":100,"column":54}},"33":{"start":{"line":101,"column":6},"end":{"line":104,"column":7}},"34":{"start":{"line":102,"column":8},"end":{"line":102,"column":37}},"35":{"start":{"line":103,"column":8},"end":{"line":103,"column":72}},"36":{"start":{"line":107,"column":22},"end":{"line":109,"column":8}},"37":{"start":{"line":110,"column":6},"end":{"line":113,"column":7}},"38":{"start":{"line":111,"column":8},"end":{"line":111,"column":37}},"39":{"start":{"line":112,"column":8},"end":{"line":112,"column":99}},"40":{"start":{"line":116,"column":30},"end":{"line":116,"column":50}},"41":{"start":{"line":117,"column":24},"end":{"line":117,"column":49}},"42":{"start":{"line":118,"column":22},"end":{"line":118,"column":47}},"43":{"start":{"line":119,"column":6},"end":{"line":119,"column":47}},"44":{"start":{"line":121,"column":38},"end":{"line":130,"column":8}},"45":{"start":{"line":132,"column":6},"end":{"line":137,"column":7}},"46":{"start":{"line":133,"column":8},"end":{"line":133,"column":37}},"47":{"start":{"line":134,"column":8},"end":{"line":136,"column":11}},"48":{"start":{"line":139,"column":26},"end":{"line":146,"column":25}},"49":{"start":{"line":148,"column":6},"end":{"line":148,"column":33}},"50":{"start":{"line":150,"column":37},"end":{"line":156,"column":8}},"51":{"start":{"line":158,"column":6},"end":{"line":161,"column":9}},"52":{"start":{"line":163,"column":6},"end":{"line":163,"column":35}},"53":{"start":{"line":164,"column":6},"end":{"line":164,"column":51}},"54":{"start":{"line":165,"column":6},"end":{"line":165,"column":61}},"55":{"start":{"line":171,"column":4},"end":{"line":203,"column":5}},"56":{"start":{"line":172,"column":21},"end":{"line":172,"column":31}},"57":{"start":{"line":173,"column":32},"end":{"line":173,"column":40}},"58":{"start":{"line":175,"column":26},"end":{"line":175,"column":56}},"59":{"start":{"line":176,"column":6},"end":{"line":178,"column":7}},"60":{"start":{"line":177,"column":8},"end":{"line":177,"column":69}},"61":{"start":{"line":180,"column":31},"end":{"line":186,"column":7}},"62":{"start":{"line":188,"column":6},"end":{"line":192,"column":7}},"63":{"start":{"line":189,"column":8},"end":{"line":191,"column":11}},"64":{"start":{"line":194,"column":6},"end":{"line":194,"column":50}},"65":{"start":{"line":196,"column":6},"end":{"line":199,"column":9}},"66":{"start":{"line":201,"column":6},"end":{"line":201,"column":56}},"67":{"start":{"line":202,"column":6},"end":{"line":202,"column":66}},"68":{"start":{"line":208,"column":4},"end":{"line":235,"column":5}},"69":{"start":{"line":209,"column":21},"end":{"line":209,"column":31}},"70":{"start":{"line":210,"column":25},"end":{"line":210,"column":33}},"71":{"start":{"line":212,"column":26},"end":{"line":212,"column":56}},"72":{"start":{"line":213,"column":6},"end":{"line":215,"column":7}},"73":{"start":{"line":214,"column":8},"end":{"line":214,"column":69}},"74":{"start":{"line":217,"column":6},"end":{"line":221,"column":7}},"75":{"start":{"line":218,"column":8},"end":{"line":220,"column":11}},"76":{"start":{"line":223,"column":6},"end":{"line":226,"column":9}},"77":{"start":{"line":228,"column":6},"end":{"line":231,"column":9}},"78":{"start":{"line":233,"column":6},"end":{"line":233,"column":54}},"79":{"start":{"line":234,"column":6},"end":{"line":234,"column":64}},"80":{"start":{"line":239,"column":0},"end":{"line":239,"column":39}}},"fnMap":{"0":{"name":"(anonymous_0)","decl":{"start":{"line":7,"column":10},"end":{"line":7,"column":11}},"loc":{"start":{"line":7,"column":30},"end":{"line":58,"column":3}},"line":7},"1":{"name":"(anonymous_1)","decl":{"start":{"line":61,"column":11},"end":{"line":61,"column":12}},"loc":{"start":{"line":61,"column":31},"end":{"line":90,"column":3}},"line":61},"2":{"name":"(anonymous_2)","decl":{"start":{"line":93,"column":10},"end":{"line":93,"column":11}},"loc":{"start":{"line":93,"column":30},"end":{"line":167,"column":3}},"line":93},"3":{"name":"(anonymous_3)","decl":{"start":{"line":170,"column":16},"end":{"line":170,"column":17}},"loc":{"start":{"line":170,"column":36},"end":{"line":204,"column":3}},"line":170},"4":{"name":"(anonymous_4)","decl":{"start":{"line":207,"column":10},"end":{"line":207,"column":11}},"loc":{"start":{"line":207,"column":30},"end":{"line":236,"column":3}},"line":207}},"branchMap":{"0":{"loc":{"start":{"line":12,"column":6},"end":{"line":21,"column":7}},"type":"if","locations":[{"start":{"line":12,"column":6},"end":{"line":21,"column":7}},{"start":{},"end":{}}],"line":12},"1":{"loc":{"start":{"line":23,"column":6},"end":{"line":25,"column":7}},"type":"if","locations":[{"start":{"line":23,"column":6},"end":{"line":25,"column":7}},{"start":{},"end":{}}],"line":23},"2":{"loc":{"start":{"line":27,"column":6},"end":{"line":29,"column":7}},"type":"if","locations":[{"start":{"line":27,"column":6},"end":{"line":29,"column":7}},{"start":{},"end":{}}],"line":27},"3":{"loc":{"start":{"line":81,"column":6},"end":{"line":83,"column":7}},"type":"if","locations":[{"start":{"line":81,"column":6},"end":{"line":83,"column":7}},{"start":{},"end":{}}],"line":81},"4":{"loc":{"start":{"line":101,"column":6},"end":{"line":104,"column":7}},"type":"if","locations":[{"start":{"line":101,"column":6},"end":{"line":104,"column":7}},{"start":{},"end":{}}],"line":101},"5":{"loc":{"start":{"line":110,"column":6},"end":{"line":113,"column":7}},"type":"if","locations":[{"start":{"line":110,"column":6},"end":{"line":113,"column":7}},{"start":{},"end":{}}],"line":110},"6":{"loc":{"start":{"line":132,"column":6},"end":{"line":137,"column":7}},"type":"if","locations":[{"start":{"line":132,"column":6},"end":{"line":137,"column":7}},{"start":{},"end":{}}],"line":132},"7":{"loc":{"start":{"line":176,"column":6},"end":{"line":178,"column":7}},"type":"if","locations":[{"start":{"line":176,"column":6},"end":{"line":178,"column":7}},{"start":{},"end":{}}],"line":176},"8":{"loc":{"start":{"line":188,"column":6},"end":{"line":192,"column":7}},"type":"if","locations":[{"start":{"line":188,"column":6},"end":{"line":192,"column":7}},{"start":{},"end":{}}],"line":188},"9":{"loc":{"start":{"line":213,"column":6},"end":{"line":215,"column":7}},"type":"if","locations":[{"start":{"line":213,"column":6},"end":{"line":215,"column":7}},{"start":{},"end":{}}],"line":213},"10":{"loc":{"start":{"line":217,"column":6},"end":{"line":221,"column":7}},"type":"if","locations":[{"start":{"line":217,"column":6},"end":{"line":221,"column":7}},{"start":{},"end":{}}],"line":217},"11":{"loc":{"start":{"line":225,"column":15},"end":{"line":225,"column":41}},"type":"binary-expr","locations":[{"start":{"line":225,"column":15},"end":{"line":225,"column":21}},{"start":{"line":225,"column":25},"end":{"line":225,"column":41}}],"line":225}},"s":{"0":2,"1":2,"2":2,"3":2,"4":0,"5":0,"6":0,"7":0,"8":0,"9":0,"10":0,"11":0,"12":0,"13":0,"14":0,"15":0,"16":0,"17":0,"18":0,"19":0,"20":0,"21":0,"22":0,"23":0,"24":0,"25":0,"26":0,"27":0,"28":0,"29":0,"30":0,"31":0,"32":0,"33":0,"34":0,"35":0,"36":0,"37":0,"38":0,"39":0,"40":0,"41":0,"42":0,"43":0,"44":0,"45":0,"46":0,"47":0,"48":0,"49":0,"50":0,"51":0,"52":0,"53":0,"54":0,"55":0,"56":0,"57":0,"58":0,"59":0,"60":0,"61":0,"62":0,"63":0,"64":0,"65":0,"66":0,"67":0,"68":0,"69":0,"70":0,"71":0,"72":0,"73":0,"74":0,"75":0,"76":0,"77":0,"78":0,"79":0,"80":2},"f":{"0":0,"1":0,"2":0,"3":0,"4":0},"b":{"0":[0,0],"1":[0,0],"2":[0,0],"3":[0,0],"4":[0,0],"5":[0,0],"6":[0,0],"7":[0,0],"8":[0,0],"9":[0,0],"10":[0,0],"11":[0,0]},"_coverageSchema":"1a1c01bbd47fc00a2c39e90264f33305004495a9","hash":"f734a29d8a9207c0e6edc1c52ec3c4d48e9c27dd"}
,"C:\\Users\\jhanp\\Downloads\\proyecto-taller\\genesis-motors-backend\\src\\controllers\\auth.controller.js": {"path":"C:\\Users\\jhanp\\Downloads\\proyecto-taller\\genesis-motors-backend\\src\\controllers\\auth.controller.js","statementMap":{"0":{"start":{"line":1,"column":12},"end":{"line":1,"column":35}},"1":{"start":{"line":2,"column":25},"end":{"line":2,"column":45}},"2":{"start":{"line":4,"column":23},"end":{"line":150,"column":1}},"3":{"start":{"line":6,"column":4},"end":{"line":40,"column":5}},"4":{"start":{"line":7,"column":34},"end":{"line":7,"column":42}},"5":{"start":{"line":9,"column":19},"end":{"line":9,"column":59}},"6":{"start":{"line":11,"column":6},"end":{"line":13,"column":7}},"7":{"start":{"line":12,"column":8},"end":{"line":12,"column":73}},"8":{"start":{"line":15,"column":30},"end":{"line":15,"column":66}},"9":{"start":{"line":16,"column":6},"end":{"line":18,"column":7}},"10":{"start":{"line":17,"column":8},"end":{"line":17,"column":73}},"11":{"start":{"line":20,"column":20},"end":{"line":24,"column":7}},"12":{"start":{"line":26,"column":6},"end":{"line":36,"column":9}},"13":{"start":{"line":38,"column":6},"end":{"line":38,"column":46}},"14":{"start":{"line":39,"column":6},"end":{"line":39,"column":62}},"15":{"start":{"line":44,"column":4},"end":{"line":78,"column":5}},"16":{"start":{"line":45,"column":47},"end":{"line":45,"column":55}},"17":{"start":{"line":47,"column":27},"end":{"line":47,"column":67}},"18":{"start":{"line":48,"column":6},"end":{"line":50,"column":7}},"19":{"start":{"line":49,"column":8},"end":{"line":49,"column":78}},"20":{"start":{"line":52,"column":19},"end":{"line":57,"column":8}},"21":{"start":{"line":59,"column":20},"end":{"line":63,"column":7}},"22":{"start":{"line":65,"column":6},"end":{"line":74,"column":9}},"23":{"start":{"line":76,"column":6},"end":{"line":76,"column":49}},"24":{"start":{"line":77,"column":6},"end":{"line":77,"column":62}},"25":{"start":{"line":83,"column":4},"end":{"line":129,"column":5}},"26":{"start":{"line":84,"column":52},"end":{"line":84,"column":60}},"27":{"start":{"line":87,"column":27},"end":{"line":87,"column":67}},"28":{"start":{"line":88,"column":6},"end":{"line":90,"column":7}},"29":{"start":{"line":89,"column":8},"end":{"line":89,"column":78}},"30":{"start":{"line":93,"column":19},"end":{"line":99,"column":8}},"31":{"start":{"line":102,"column":6},"end":{"line":107,"column":9}},"32":{"start":{"line":109,"column":20},"end":{"line":113,"column":7}},"33":{"start":{"line":115,"column":6},"end":{"line":125,"column":9}},"34":{"start":{"line":127,"column":6},"end":{"line":127,"column":60}},"35":{"start":{"line":128,"column":6},"end":{"line":128,"column":62}},"36":{"start":{"line":133,"column":4},"end":{"line":148,"column":5}},"37":{"start":{"line":134,"column":19},"end":{"line":139,"column":8}},"38":{"start":{"line":141,"column":6},"end":{"line":143,"column":7}},"39":{"start":{"line":142,"column":8},"end":{"line":142,"column":72}},"40":{"start":{"line":145,"column":6},"end":{"line":145,"column":25}},"41":{"start":{"line":147,"column":6},"end":{"line":147,"column":62}},"42":{"start":{"line":152,"column":0},"end":{"line":152,"column":32}}},"fnMap":{"0":{"name":"(anonymous_0)","decl":{"start":{"line":5,"column":9},"end":{"line":5,"column":10}},"loc":{"start":{"line":5,"column":29},"end":{"line":41,"column":3}},"line":5},"1":{"name":"(anonymous_1)","decl":{"start":{"line":43,"column":12},"end":{"line":43,"column":13}},"loc":{"start":{"line":43,"column":32},"end":{"line":79,"column":3}},"line":43},"2":{"name":"(anonymous_2)","decl":{"start":{"line":82,"column":18},"end":{"line":82,"column":19}},"loc":{"start":{"line":82,"column":38},"end":{"line":130,"column":3}},"line":82},"3":{"name":"(anonymous_3)","decl":{"start":{"line":132,"column":6},"end":{"line":132,"column":7}},"loc":{"start":{"line":132,"column":26},"end":{"line":149,"column":3}},"line":132}},"branchMap":{"0":{"loc":{"start":{"line":11,"column":6},"end":{"line":13,"column":7}},"type":"if","locations":[{"start":{"line":11,"column":6},"end":{"line":13,"column":7}},{"start":{},"end":{}}],"line":11},"1":{"loc":{"start":{"line":11,"column":10},"end":{"line":11,"column":31}},"type":"binary-expr","locations":[{"start":{"line":11,"column":10},"end":{"line":11,"column":15}},{"start":{"line":11,"column":19},"end":{"line":11,"column":31}}],"line":11},"2":{"loc":{"start":{"line":16,"column":6},"end":{"line":18,"column":7}},"type":"if","locations":[{"start":{"line":16,"column":6},"end":{"line":18,"column":7}},{"start":{},"end":{}}],"line":16},"3":{"loc":{"start":{"line":22,"column":8},"end":{"line":22,"column":61}},"type":"binary-expr","locations":[{"start":{"line":22,"column":8},"end":{"line":22,"column":30}},{"start":{"line":22,"column":34},"end":{"line":22,"column":61}}],"line":22},"4":{"loc":{"start":{"line":48,"column":6},"end":{"line":50,"column":7}},"type":"if","locations":[{"start":{"line":48,"column":6},"end":{"line":50,"column":7}},{"start":{},"end":{}}],"line":48},"5":{"loc":{"start":{"line":56,"column":13},"end":{"line":56,"column":30}},"type":"binary-expr","locations":[{"start":{"line":56,"column":13},"end":{"line":56,"column":16}},{"start":{"line":56,"column":20},"end":{"line":56,"column":30}}],"line":56},"6":{"loc":{"start":{"line":61,"column":8},"end":{"line":61,"column":61}},"type":"binary-expr","locations":[{"start":{"line":61,"column":8},"end":{"line":61,"column":30}},{"start":{"line":61,"column":34},"end":{"line":61,"column":61}}],"line":61},"7":{"loc":{"start":{"line":88,"column":6},"end":{"line":90,"column":7}},"type":"if","locations":[{"start":{"line":88,"column":6},"end":{"line":90,"column":7}},{"start":{},"end":{}}],"line":88},"8":{"loc":{"start":{"line":97,"column":18},"end":{"line":97,"column":34}},"type":"binary-expr","locations":[{"start":{"line":97,"column":18},"end":{"line":97,"column":26}},{"start":{"line":97,"column":30},"end":{"line":97,"column":34}}],"line":97},"9":{"loc":{"start":{"line":105,"column":18},"end":{"line":105,"column":34}},"type":"binary-expr","locations":[{"start":{"line":105,"column":18},"end":{"line":105,"column":26}},{"start":{"line":105,"column":30},"end":{"line":105,"column":34}}],"line":105},"10":{"loc":{"start":{"line":111,"column":8},"end":{"line":111,"column":61}},"type":"binary-expr","locations":[{"start":{"line":111,"column":8},"end":{"line":111,"column":30}},{"start":{"line":111,"column":34},"end":{"line":111,"column":61}}],"line":111},"11":{"loc":{"start":{"line":141,"column":6},"end":{"line":143,"column":7}},"type":"if","locations":[{"start":{"line":141,"column":6},"end":{"line":143,"column":7}},{"start":{},"end":{}}],"line":141}},"s":{"0":2,"1":2,"2":2,"3":1,"4":1,"5":1,"6":0,"7":0,"8":0,"9":0,"10":0,"11":0,"12":0,"13":0,"14":0,"15":0,"16":0,"17":0,"18":0,"19":0,"20":0,"21":0,"22":0,"23":0,"24":0,"25":0,"26":0,"27":0,"28":0,"29":0,"30":0,"31":0,"32":0,"33":0,"34":0,"35":0,"36":0,"37":0,"38":0,"39":0,"40":0,"41":0,"42":2},"f":{"0":1,"1":0,"2":0,"3":0},"b":{"0":[0,0],"1":[0,0],"2":[0,0],"3":[0,0],"4":[0,0],"5":[0,0],"6":[0,0],"7":[0,0],"8":[0,0],"9":[0,0],"10":[0,0],"11":[0,0]},"_coverageSchema":"1a1c01bbd47fc00a2c39e90264f33305004495a9","hash":"a8e0c225f70dd933febeaa0dafc45a9e818f014f"}
,"C:\\Users\\jhanp\\Downloads\\proyecto-taller\\genesis-motors-backend\\src\\controllers\\client.controller.js": {"path":"C:\\Users\\jhanp\\Downloads\\proyecto-taller\\genesis-motors-backend\\src\\controllers\\client.controller.js","statementMap":{"0":{"start":{"line":1,"column":28},"end":{"line":1,"column":48}},"1":{"start":{"line":2,"column":15},"end":{"line":2,"column":35}},"2":{"start":{"line":4,"column":25},"end":{"line":139,"column":1}},"3":{"start":{"line":7,"column":4},"end":{"line":35,"column":5}},"4":{"start":{"line":8,"column":25},"end":{"line":8,"column":34}},"5":{"start":{"line":9,"column":18},"end":{"line":9,"column":20}},"6":{"start":{"line":11,"column":6},"end":{"line":19,"column":7}},"7":{"start":{"line":12,"column":8},"end":{"line":18,"column":10}},"8":{"start":{"line":21,"column":22},"end":{"line":29,"column":8}},"9":{"start":{"line":31,"column":6},"end":{"line":31,"column":28}},"10":{"start":{"line":33,"column":6},"end":{"line":33,"column":57}},"11":{"start":{"line":34,"column":6},"end":{"line":34,"column":67}},"12":{"start":{"line":40,"column":4},"end":{"line":57,"column":5}},"13":{"start":{"line":41,"column":21},"end":{"line":41,"column":31}},"14":{"start":{"line":42,"column":21},"end":{"line":47,"column":8}},"15":{"start":{"line":49,"column":6},"end":{"line":51,"column":7}},"16":{"start":{"line":50,"column":8},"end":{"line":50,"column":72}},"17":{"start":{"line":53,"column":6},"end":{"line":53,"column":27}},"18":{"start":{"line":55,"column":6},"end":{"line":55,"column":56}},"19":{"start":{"line":56,"column":6},"end":{"line":56,"column":66}},"20":{"start":{"line":62,"column":4},"end":{"line":88,"column":5}},"21":{"start":{"line":63,"column":53},"end":{"line":63,"column":61}},"22":{"start":{"line":65,"column":21},"end":{"line":70,"column":8}},"23":{"start":{"line":72,"column":6},"end":{"line":75,"column":9}},"24":{"start":{"line":77,"column":6},"end":{"line":77,"column":54}},"25":{"start":{"line":78,"column":6},"end":{"line":80,"column":7}},"26":{"start":{"line":79,"column":8},"end":{"line":79,"column":78}},"27":{"start":{"line":81,"column":6},"end":{"line":86,"column":7}},"28":{"start":{"line":82,"column":8},"end":{"line":85,"column":11}},"29":{"start":{"line":84,"column":41},"end":{"line":84,"column":50}},"30":{"start":{"line":87,"column":6},"end":{"line":87,"column":64}},"31":{"start":{"line":93,"column":4},"end":{"line":119,"column":5}},"32":{"start":{"line":94,"column":21},"end":{"line":94,"column":31}},"33":{"start":{"line":95,"column":53},"end":{"line":95,"column":61}},"34":{"start":{"line":97,"column":21},"end":{"line":97,"column":46}},"35":{"start":{"line":98,"column":6},"end":{"line":100,"column":7}},"36":{"start":{"line":99,"column":8},"end":{"line":99,"column":72}},"37":{"start":{"line":102,"column":6},"end":{"line":107,"column":9}},"38":{"start":{"line":109,"column":6},"end":{"line":112,"column":9}},"39":{"start":{"line":114,"column":6},"end":{"line":114,"column":59}},"40":{"start":{"line":115,"column":6},"end":{"line":117,"column":7}},"41":{"start":{"line":116,"column":8},"end":{"line":116,"column":74}},"42":{"start":{"line":118,"column":6},"end":{"line":118,"column":69}},"43":{"start":{"line":124,"column":4},"end":{"line":137,"column":5}},"44":{"start":{"line":125,"column":21},"end":{"line":125,"column":31}},"45":{"start":{"line":126,"column":21},"end":{"line":126,"column":46}},"46":{"start":{"line":128,"column":6},"end":{"line":130,"column":7}},"47":{"start":{"line":129,"column":8},"end":{"line":129,"column":72}},"48":{"start":{"line":132,"column":6},"end":{"line":132,"column":29}},"49":{"start":{"line":133,"column":6},"end":{"line":133,"column":62}},"50":{"start":{"line":135,"column":6},"end":{"line":135,"column":57}},"51":{"start":{"line":136,"column":6},"end":{"line":136,"column":67}},"52":{"start":{"line":141,"column":0},"end":{"line":141,"column":34}}},"fnMap":{"0":{"name":"(anonymous_0)","decl":{"start":{"line":6,"column":10},"end":{"line":6,"column":11}},"loc":{"start":{"line":6,"column":30},"end":{"line":36,"column":3}},"line":6},"1":{"name":"(anonymous_1)","decl":{"start":{"line":39,"column":11},"end":{"line":39,"column":12}},"loc":{"start":{"line":39,"column":31},"end":{"line":58,"column":3}},"line":39},"2":{"name":"(anonymous_2)","decl":{"start":{"line":61,"column":10},"end":{"line":61,"column":11}},"loc":{"start":{"line":61,"column":30},"end":{"line":89,"column":3}},"line":61},"3":{"name":"(anonymous_3)","decl":{"start":{"line":84,"column":36},"end":{"line":84,"column":37}},"loc":{"start":{"line":84,"column":41},"end":{"line":84,"column":50}},"line":84},"4":{"name":"(anonymous_4)","decl":{"start":{"line":92,"column":10},"end":{"line":92,"column":11}},"loc":{"start":{"line":92,"column":30},"end":{"line":120,"column":3}},"line":92},"5":{"name":"(anonymous_5)","decl":{"start":{"line":123,"column":10},"end":{"line":123,"column":11}},"loc":{"start":{"line":123,"column":30},"end":{"line":138,"column":3}},"line":123}},"branchMap":{"0":{"loc":{"start":{"line":11,"column":6},"end":{"line":19,"column":7}},"type":"if","locations":[{"start":{"line":11,"column":6},"end":{"line":19,"column":7}},{"start":{},"end":{}}],"line":11},"1":{"loc":{"start":{"line":49,"column":6},"end":{"line":51,"column":7}},"type":"if","locations":[{"start":{"line":49,"column":6},"end":{"line":51,"column":7}},{"start":{},"end":{}}],"line":49},"2":{"loc":{"start":{"line":78,"column":6},"end":{"line":80,"column":7}},"type":"if","locations":[{"start":{"line":78,"column":6},"end":{"line":80,"column":7}},{"start":{},"end":{}}],"line":78},"3":{"loc":{"start":{"line":81,"column":6},"end":{"line":86,"column":7}},"type":"if","locations":[{"start":{"line":81,"column":6},"end":{"line":86,"column":7}},{"start":{},"end":{}}],"line":81},"4":{"loc":{"start":{"line":98,"column":6},"end":{"line":100,"column":7}},"type":"if","locations":[{"start":{"line":98,"column":6},"end":{"line":100,"column":7}},{"start":{},"end":{}}],"line":98},"5":{"loc":{"start":{"line":115,"column":6},"end":{"line":117,"column":7}},"type":"if","locations":[{"start":{"line":115,"column":6},"end":{"line":117,"column":7}},{"start":{},"end":{}}],"line":115},"6":{"loc":{"start":{"line":128,"column":6},"end":{"line":130,"column":7}},"type":"if","locations":[{"start":{"line":128,"column":6},"end":{"line":130,"column":7}},{"start":{},"end":{}}],"line":128}},"s":{"0":2,"1":2,"2":2,"3":0,"4":0,"5":0,"6":0,"7":0,"8":0,"9":0,"10":0,"11":0,"12":0,"13":0,"14":0,"15":0,"16":0,"17":0,"18":0,"19":0,"20":0,"21":0,"22":0,"23":0,"24":0,"25":0,"26":0,"27":0,"28":0,"29":0,"30":0,"31":0,"32":0,"33":0,"34":0,"35":0,"36":0,"37":0,"38":0,"39":0,"40":0,"41":0,"42":0,"43":0,"44":0,"45":0,"46":0,"47":0,"48":0,"49":0,"50":0,"51":0,"52":2},"f":{"0":0,"1":0,"2":0,"3":0,"4":0,"5":0},"b":{"0":[0,0],"1":[0,0],"2":[0,0],"3":[0,0],"4":[0,0],"5":[0,0],"6":[0,0]},"_coverageSchema":"1a1c01bbd47fc00a2c39e90264f33305004495a9","hash":"9697fd648dbfd6350b3aaef3318c3767d976c588"}
,"C:\\Users\\jhanp\\Downloads\\proyecto-taller\\genesis-motors-backend\\src\\controllers\\clientPortal.controller.js": {"path":"C:\\Users\\jhanp\\Downloads\\proyecto-taller\\genesis-motors-backend\\src\\controllers\\clientPortal.controller.js","statementMap":{"0":{"start":{"line":1,"column":84},"end":{"line":1,"column":104}},"1":{"start":{"line":2,"column":15},"end":{"line":2,"column":35}},"2":{"start":{"line":4,"column":31},"end":{"line":218,"column":1}},"3":{"start":{"line":7,"column":4},"end":{"line":34,"column":5}},"4":{"start":{"line":9,"column":19},"end":{"line":12,"column":8}},"5":{"start":{"line":15,"column":6},"end":{"line":28,"column":7}},"6":{"start":{"line":16,"column":8},"end":{"line":21,"column":11}},"7":{"start":{"line":24,"column":8},"end":{"line":27,"column":11}},"8":{"start":{"line":30,"column":6},"end":{"line":30,"column":27}},"9":{"start":{"line":32,"column":6},"end":{"line":32,"column":55}},"10":{"start":{"line":33,"column":6},"end":{"line":33,"column":77}},"11":{"start":{"line":39,"column":4},"end":{"line":60,"column":5}},"12":{"start":{"line":40,"column":19},"end":{"line":40,"column":76}},"13":{"start":{"line":43,"column":6},"end":{"line":50,"column":7}},"14":{"start":{"line":44,"column":8},"end":{"line":49,"column":11}},"15":{"start":{"line":52,"column":23},"end":{"line":54,"column":8}},"16":{"start":{"line":56,"column":6},"end":{"line":56,"column":29}},"17":{"start":{"line":58,"column":6},"end":{"line":58,"column":58}},"18":{"start":{"line":59,"column":6},"end":{"line":59,"column":68}},"19":{"start":{"line":65,"column":4},"end":{"line":100,"column":5}},"20":{"start":{"line":66,"column":19},"end":{"line":66,"column":76}},"21":{"start":{"line":69,"column":6},"end":{"line":76,"column":7}},"22":{"start":{"line":70,"column":8},"end":{"line":75,"column":11}},"23":{"start":{"line":78,"column":57},"end":{"line":78,"column":65}},"24":{"start":{"line":80,"column":22},"end":{"line":88,"column":8}},"25":{"start":{"line":90,"column":6},"end":{"line":93,"column":9}},"26":{"start":{"line":95,"column":6},"end":{"line":95,"column":59}},"27":{"start":{"line":96,"column":6},"end":{"line":98,"column":7}},"28":{"start":{"line":97,"column":8},"end":{"line":97,"column":86}},"29":{"start":{"line":99,"column":6},"end":{"line":99,"column":69}},"30":{"start":{"line":105,"column":4},"end":{"line":130,"column":5}},"31":{"start":{"line":106,"column":19},"end":{"line":106,"column":76}},"32":{"start":{"line":108,"column":6},"end":{"line":115,"column":7}},"33":{"start":{"line":109,"column":8},"end":{"line":114,"column":11}},"34":{"start":{"line":117,"column":27},"end":{"line":124,"column":8}},"35":{"start":{"line":126,"column":6},"end":{"line":126,"column":33}},"36":{"start":{"line":128,"column":6},"end":{"line":128,"column":54}},"37":{"start":{"line":129,"column":6},"end":{"line":129,"column":64}},"38":{"start":{"line":135,"column":4},"end":{"line":173,"column":5}},"39":{"start":{"line":136,"column":19},"end":{"line":136,"column":76}},"40":{"start":{"line":138,"column":6},"end":{"line":145,"column":7}},"41":{"start":{"line":139,"column":8},"end":{"line":144,"column":11}},"42":{"start":{"line":147,"column":64},"end":{"line":147,"column":72}},"43":{"start":{"line":150,"column":22},"end":{"line":152,"column":8}},"44":{"start":{"line":154,"column":6},"end":{"line":156,"column":7}},"45":{"start":{"line":155,"column":8},"end":{"line":155,"column":73}},"46":{"start":{"line":158,"column":26},"end":{"line":164,"column":8}},"47":{"start":{"line":166,"column":6},"end":{"line":169,"column":9}},"48":{"start":{"line":171,"column":6},"end":{"line":171,"column":51}},"49":{"start":{"line":172,"column":6},"end":{"line":172,"column":65}},"50":{"start":{"line":178,"column":4},"end":{"line":214,"column":5}},"51":{"start":{"line":179,"column":19},"end":{"line":179,"column":76}},"52":{"start":{"line":181,"column":6},"end":{"line":188,"column":7}},"53":{"start":{"line":182,"column":8},"end":{"line":187,"column":11}},"54":{"start":{"line":190,"column":23},"end":{"line":190,"column":82}},"55":{"start":{"line":191,"column":25},"end":{"line":191,"column":48}},"56":{"start":{"line":191,"column":43},"end":{"line":191,"column":47}},"57":{"start":{"line":193,"column":23},"end":{"line":193,"column":25}},"58":{"start":{"line":194,"column":6},"end":{"line":208,"column":7}},"59":{"start":{"line":195,"column":8},"end":{"line":207,"column":11}},"60":{"start":{"line":210,"column":6},"end":{"line":210,"column":31}},"61":{"start":{"line":212,"column":6},"end":{"line":212,"column":56}},"62":{"start":{"line":213,"column":6},"end":{"line":213,"column":66}},"63":{"start":{"line":220,"column":0},"end":{"line":220,"column":40}}},"fnMap":{"0":{"name":"(anonymous_0)","decl":{"start":{"line":6,"column":14},"end":{"line":6,"column":15}},"loc":{"start":{"line":6,"column":34},"end":{"line":35,"column":3}},"line":6},"1":{"name":"(anonymous_1)","decl":{"start":{"line":38,"column":17},"end":{"line":38,"column":18}},"loc":{"start":{"line":38,"column":37},"end":{"line":61,"column":3}},"line":38},"2":{"name":"(anonymous_2)","decl":{"start":{"line":64,"column":16},"end":{"line":64,"column":17}},"loc":{"start":{"line":64,"column":36},"end":{"line":101,"column":3}},"line":64},"3":{"name":"(anonymous_3)","decl":{"start":{"line":104,"column":21},"end":{"line":104,"column":22}},"loc":{"start":{"line":104,"column":41},"end":{"line":131,"column":3}},"line":104},"4":{"name":"(anonymous_4)","decl":{"start":{"line":134,"column":23},"end":{"line":134,"column":24}},"loc":{"start":{"line":134,"column":43},"end":{"line":174,"column":3}},"line":134},"5":{"name":"(anonymous_5)","decl":{"start":{"line":177,"column":19},"end":{"line":177,"column":20}},"loc":{"start":{"line":177,"column":39},"end":{"line":215,"column":3}},"line":177},"6":{"name":"(anonymous_6)","decl":{"start":{"line":191,"column":38},"end":{"line":191,"column":39}},"loc":{"start":{"line":191,"column":43},"end":{"line":191,"column":47}},"line":191}},"branchMap":{"0":{"loc":{"start":{"line":15,"column":6},"end":{"line":28,"column":7}},"type":"if","locations":[{"start":{"line":15,"column":6},"end":{"line":28,"column":7}},{"start":{},"end":{}}],"line":15},"1":{"loc":{"start":{"line":19,"column":20},"end":{"line":19,"column":45}},"type":"binary-expr","locations":[{"start":{"line":19,"column":20},"end":{"line":19,"column":37}},{"start":{"line":19,"column":41},"end":{"line":19,"column":45}}],"line":19},"2":{"loc":{"start":{"line":43,"column":6},"end":{"line":50,"column":7}},"type":"if","locations":[{"start":{"line":43,"column":6},"end":{"line":50,"column":7}},{"start":{},"end":{}}],"line":43},"3":{"loc":{"start":{"line":47,"column":20},"end":{"line":47,"column":45}},"type":"binary-expr","locations":[{"start":{"line":47,"column":20},"end":{"line":47,"column":37}},{"start":{"line":47,"column":41},"end":{"line":47,"column":45}}],"line":47},"4":{"loc":{"start":{"line":69,"column":6},"end":{"line":76,"column":7}},"type":"if","locations":[{"start":{"line":69,"column":6},"end":{"line":76,"column":7}},{"start":{},"end":{}}],"line":69},"5":{"loc":{"start":{"line":73,"column":20},"end":{"line":73,"column":45}},"type":"binary-expr","locations":[{"start":{"line":73,"column":20},"end":{"line":73,"column":37}},{"start":{"line":73,"column":41},"end":{"line":73,"column":45}}],"line":73},"6":{"loc":{"start":{"line":96,"column":6},"end":{"line":98,"column":7}},"type":"if","locations":[{"start":{"line":96,"column":6},"end":{"line":98,"column":7}},{"start":{},"end":{}}],"line":96},"7":{"loc":{"start":{"line":108,"column":6},"end":{"line":115,"column":7}},"type":"if","locations":[{"start":{"line":108,"column":6},"end":{"line":115,"column":7}},{"start":{},"end":{}}],"line":108},"8":{"loc":{"start":{"line":112,"column":20},"end":{"line":112,"column":45}},"type":"binary-expr","locations":[{"start":{"line":112,"column":20},"end":{"line":112,"column":37}},{"start":{"line":112,"column":41},"end":{"line":112,"column":45}}],"line":112},"9":{"loc":{"start":{"line":138,"column":6},"end":{"line":145,"column":7}},"type":"if","locations":[{"start":{"line":138,"column":6},"end":{"line":145,"column":7}},{"start":{},"end":{}}],"line":138},"10":{"loc":{"start":{"line":142,"column":20},"end":{"line":142,"column":45}},"type":"binary-expr","locations":[{"start":{"line":142,"column":20},"end":{"line":142,"column":37}},{"start":{"line":142,"column":41},"end":{"line":142,"column":45}}],"line":142},"11":{"loc":{"start":{"line":154,"column":6},"end":{"line":156,"column":7}},"type":"if","locations":[{"start":{"line":154,"column":6},"end":{"line":156,"column":7}},{"start":{},"end":{}}],"line":154},"12":{"loc":{"start":{"line":181,"column":6},"end":{"line":188,"column":7}},"type":"if","locations":[{"start":{"line":181,"column":6},"end":{"line":188,"column":7}},{"start":{},"end":{}}],"line":181},"13":{"loc":{"start":{"line":185,"column":20},"end":{"line":185,"column":45}},"type":"binary-expr","locations":[{"start":{"line":185,"column":20},"end":{"line":185,"column":37}},{"start":{"line":185,"column":41},"end":{"line":185,"column":45}}],"line":185},"14":{"loc":{"start":{"line":194,"column":6},"end":{"line":208,"column":7}},"type":"if","locations":[{"start":{"line":194,"column":6},"end":{"line":208,"column":7}},{"start":{},"end":{}}],"line":194}},"s":{"0":2,"1":2,"2":2,"3":0,"4":0,"5":0,"6":0,"7":0,"8":0,"9":0,"10":0,"11":0,"12":0,"13":0,"14":0,"15":0,"16":0,"17":0,"18":0,"19":0,"20":0,"21":0,"22":0,"23":0,"24":0,"25":0,"26":0,"27":0,"28":0,"29":0,"30":0,"31":0,"32":0,"33":0,"34":0,"35":0,"36":0,"37":0,"38":0,"39":0,"40":0,"41":0,"42":0,"43":0,"44":0,"45":0,"46":0,"47":0,"48":0,"49":0,"50":0,"51":0,"52":0,"53":0,"54":0,"55":0,"56":0,"57":0,"58":0,"59":0,"60":0,"61":0,"62":0,"63":2},"f":{"0":0,"1":0,"2":0,"3":0,"4":0,"5":0,"6":0},"b":{"0":[0,0],"1":[0,0],"2":[0,0],"3":[0,0],"4":[0,0],"5":[0,0],"6":[0,0],"7":[0,0],"8":[0,0],"9":[0,0],"10":[0,0],"11":[0,0],"12":[0,0],"13":[0,0],"14":[0,0]},"_coverageSchema":"1a1c01bbd47fc00a2c39e90264f33305004495a9","hash":"746c799d1babdecf0b1d277f84fcf3375289319c"}
,"C:\\Users\\jhanp\\Downloads\\proyecto-taller\\genesis-motors-backend\\src\\controllers\\dashboard.controller.js": {"path":"C:\\Users\\jhanp\\Downloads\\proyecto-taller\\genesis-motors-backend\\src\\controllers\\dashboard.controller.js","statementMap":{"0":{"start":{"line":1,"column":43},"end":{"line":1,"column":63}},"1":{"start":{"line":2,"column":15},"end":{"line":2,"column":35}},"2":{"start":{"line":4,"column":28},"end":{"line":56,"column":1}},"3":{"start":{"line":6,"column":4},"end":{"line":54,"column":5}},"4":{"start":{"line":7,"column":20},"end":{"line":7,"column":30}},"5":{"start":{"line":8,"column":6},"end":{"line":8,"column":33}},"6":{"start":{"line":9,"column":23},"end":{"line":9,"column":38}},"7":{"start":{"line":10,"column":6},"end":{"line":10,"column":47}},"8":{"start":{"line":12,"column":80},"end":{"line":41,"column":8}},"9":{"start":{"line":20,"column":23},"end":{"line":20,"column":24}},"10":{"start":{"line":25,"column":23},"end":{"line":25,"column":24}},"11":{"start":{"line":33,"column":23},"end":{"line":33,"column":24}},"12":{"start":{"line":40,"column":23},"end":{"line":40,"column":24}},"13":{"start":{"line":43,"column":6},"end":{"line":50,"column":9}},"14":{"start":{"line":52,"column":6},"end":{"line":52,"column":61}},"15":{"start":{"line":53,"column":6},"end":{"line":53,"column":85}},"16":{"start":{"line":58,"column":0},"end":{"line":58,"column":37}}},"fnMap":{"0":{"name":"(anonymous_0)","decl":{"start":{"line":5,"column":12},"end":{"line":5,"column":13}},"loc":{"start":{"line":5,"column":32},"end":{"line":55,"column":3}},"line":5},"1":{"name":"(anonymous_1)","decl":{"start":{"line":20,"column":17},"end":{"line":20,"column":18}},"loc":{"start":{"line":20,"column":23},"end":{"line":20,"column":24}},"line":20},"2":{"name":"(anonymous_2)","decl":{"start":{"line":25,"column":17},"end":{"line":25,"column":18}},"loc":{"start":{"line":25,"column":23},"end":{"line":25,"column":24}},"line":25},"3":{"name":"(anonymous_3)","decl":{"start":{"line":33,"column":17},"end":{"line":33,"column":18}},"loc":{"start":{"line":33,"column":23},"end":{"line":33,"column":24}},"line":33},"4":{"name":"(anonymous_4)","decl":{"start":{"line":40,"column":17},"end":{"line":40,"column":18}},"loc":{"start":{"line":40,"column":23},"end":{"line":40,"column":24}},"line":40}},"branchMap":{"0":{"loc":{"start":{"line":45,"column":20},"end":{"line":45,"column":33}},"type":"binary-expr","locations":[{"start":{"line":45,"column":20},"end":{"line":45,"column":28}},{"start":{"line":45,"column":32},"end":{"line":45,"column":33}}],"line":45},"1":{"loc":{"start":{"line":46,"column":29},"end":{"line":46,"column":51}},"type":"binary-expr","locations":[{"start":{"line":46,"column":29},"end":{"line":46,"column":46}},{"start":{"line":46,"column":50},"end":{"line":46,"column":51}}],"line":46},"2":{"loc":{"start":{"line":47,"column":30},"end":{"line":47,"column":53}},"type":"binary-expr","locations":[{"start":{"line":47,"column":30},"end":{"line":47,"column":48}},{"start":{"line":47,"column":52},"end":{"line":47,"column":53}}],"line":47},"3":{"loc":{"start":{"line":48,"column":26},"end":{"line":48,"column":45}},"type":"binary-expr","locations":[{"start":{"line":48,"column":26},"end":{"line":48,"column":40}},{"start":{"line":48,"column":44},"end":{"line":48,"column":45}}],"line":48}},"s":{"0":2,"1":2,"2":2,"3":0,"4":0,"5":0,"6":0,"7":0,"8":0,"9":0,"10":0,"11":0,"12":0,"13":0,"14":0,"15":0,"16":2},"f":{"0":0,"1":0,"2":0,"3":0,"4":0},"b":{"0":[0,0],"1":[0,0],"2":[0,0],"3":[0,0]},"_coverageSchema":"1a1c01bbd47fc00a2c39e90264f33305004495a9","hash":"83bb93753bb982542fb5aab3a6f7da214b68dc5c"}
,"C:\\Users\\jhanp\\Downloads\\proyecto-taller\\genesis-motors-backend\\src\\controllers\\service.controller.js": {"path":"C:\\Users\\jhanp\\Downloads\\proyecto-taller\\genesis-motors-backend\\src\\controllers\\service.controller.js","statementMap":{"0":{"start":{"line":1,"column":20},"end":{"line":1,"column":40}},"1":{"start":{"line":3,"column":26},"end":{"line":77,"column":1}},"2":{"start":{"line":5,"column":4},"end":{"line":14,"column":5}},"3":{"start":{"line":6,"column":23},"end":{"line":9,"column":8}},"4":{"start":{"line":10,"column":6},"end":{"line":10,"column":29}},"5":{"start":{"line":12,"column":6},"end":{"line":12,"column":58}},"6":{"start":{"line":13,"column":6},"end":{"line":13,"column":68}},"7":{"start":{"line":18,"column":4},"end":{"line":35,"column":5}},"8":{"start":{"line":19,"column":71},"end":{"line":19,"column":79}},"9":{"start":{"line":21,"column":22},"end":{"line":26,"column":8}},"10":{"start":{"line":28,"column":6},"end":{"line":31,"column":9}},"11":{"start":{"line":33,"column":6},"end":{"line":33,"column":55}},"12":{"start":{"line":34,"column":6},"end":{"line":34,"column":65}},"13":{"start":{"line":39,"column":4},"end":{"line":57,"column":5}},"14":{"start":{"line":40,"column":21},"end":{"line":40,"column":31}},"15":{"start":{"line":41,"column":71},"end":{"line":41,"column":79}},"16":{"start":{"line":43,"column":22},"end":{"line":43,"column":48}},"17":{"start":{"line":44,"column":6},"end":{"line":46,"column":7}},"18":{"start":{"line":45,"column":8},"end":{"line":45,"column":73}},"19":{"start":{"line":48,"column":6},"end":{"line":48,"column":85}},"20":{"start":{"line":50,"column":6},"end":{"line":53,"column":9}},"21":{"start":{"line":55,"column":6},"end":{"line":55,"column":60}},"22":{"start":{"line":56,"column":6},"end":{"line":56,"column":70}},"23":{"start":{"line":61,"column":4},"end":{"line":75,"column":5}},"24":{"start":{"line":62,"column":21},"end":{"line":62,"column":31}},"25":{"start":{"line":63,"column":22},"end":{"line":63,"column":48}},"26":{"start":{"line":65,"column":6},"end":{"line":67,"column":7}},"27":{"start":{"line":66,"column":8},"end":{"line":66,"column":73}},"28":{"start":{"line":69,"column":6},"end":{"line":69,"column":46}},"29":{"start":{"line":71,"column":6},"end":{"line":71,"column":65}},"30":{"start":{"line":73,"column":6},"end":{"line":73,"column":58}},"31":{"start":{"line":74,"column":6},"end":{"line":74,"column":68}},"32":{"start":{"line":79,"column":0},"end":{"line":79,"column":35}}},"fnMap":{"0":{"name":"(anonymous_0)","decl":{"start":{"line":4,"column":10},"end":{"line":4,"column":11}},"loc":{"start":{"line":4,"column":30},"end":{"line":15,"column":3}},"line":4},"1":{"name":"(anonymous_1)","decl":{"start":{"line":17,"column":10},"end":{"line":17,"column":11}},"loc":{"start":{"line":17,"column":30},"end":{"line":36,"column":3}},"line":17},"2":{"name":"(anonymous_2)","decl":{"start":{"line":38,"column":10},"end":{"line":38,"column":11}},"loc":{"start":{"line":38,"column":30},"end":{"line":58,"column":3}},"line":38},"3":{"name":"(anonymous_3)","decl":{"start":{"line":60,"column":10},"end":{"line":60,"column":11}},"loc":{"start":{"line":60,"column":30},"end":{"line":76,"column":3}},"line":60}},"branchMap":{"0":{"loc":{"start":{"line":44,"column":6},"end":{"line":46,"column":7}},"type":"if","locations":[{"start":{"line":44,"column":6},"end":{"line":46,"column":7}},{"start":{},"end":{}}],"line":44},"1":{"loc":{"start":{"line":65,"column":6},"end":{"line":67,"column":7}},"type":"if","locations":[{"start":{"line":65,"column":6},"end":{"line":67,"column":7}},{"start":{},"end":{}}],"line":65}},"s":{"0":2,"1":2,"2":0,"3":0,"4":0,"5":0,"6":0,"7":0,"8":0,"9":0,"10":0,"11":0,"12":0,"13":0,"14":0,"15":0,"16":0,"17":0,"18":0,"19":0,"20":0,"21":0,"22":0,"23":0,"24":0,"25":0,"26":0,"27":0,"28":0,"29":0,"30":0,"31":0,"32":2},"f":{"0":0,"1":0,"2":0,"3":0},"b":{"0":[0,0],"1":[0,0]},"_coverageSchema":"1a1c01bbd47fc00a2c39e90264f33305004495a9","hash":"553dc89e377497a1839d563eaa15761b3a5be349"}
,"C:\\Users\\jhanp\\Downloads\\proyecto-taller\\genesis-motors-backend\\src\\controllers\\user.controller.js": {"path":"C:\\Users\\jhanp\\Downloads\\proyecto-taller\\genesis-motors-backend\\src\\controllers\\user.controller.js","statementMap":{"0":{"start":{"line":1,"column":25},"end":{"line":1,"column":45}},"1":{"start":{"line":2,"column":15},"end":{"line":2,"column":34}},"2":{"start":{"line":4,"column":23},"end":{"line":244,"column":1}},"3":{"start":{"line":6,"column":4},"end":{"line":15,"column":5}},"4":{"start":{"line":7,"column":20},"end":{"line":10,"column":8}},"5":{"start":{"line":11,"column":6},"end":{"line":11,"column":26}},"6":{"start":{"line":13,"column":6},"end":{"line":13,"column":57}},"7":{"start":{"line":14,"column":6},"end":{"line":14,"column":67}},"8":{"start":{"line":19,"column":4},"end":{"line":29,"column":5}},"9":{"start":{"line":20,"column":24},"end":{"line":24,"column":8}},"10":{"start":{"line":25,"column":6},"end":{"line":25,"column":30}},"11":{"start":{"line":27,"column":6},"end":{"line":27,"column":58}},"12":{"start":{"line":28,"column":6},"end":{"line":28,"column":68}},"13":{"start":{"line":33,"column":4},"end":{"line":67,"column":5}},"14":{"start":{"line":34,"column":47},"end":{"line":34,"column":55}},"15":{"start":{"line":36,"column":27},"end":{"line":36,"column":67}},"16":{"start":{"line":37,"column":6},"end":{"line":39,"column":7}},"17":{"start":{"line":38,"column":8},"end":{"line":38,"column":78}},"18":{"start":{"line":41,"column":19},"end":{"line":46,"column":8}},"19":{"start":{"line":48,"column":6},"end":{"line":55,"column":7}},"20":{"start":{"line":49,"column":8},"end":{"line":54,"column":11}},"21":{"start":{"line":57,"column":6},"end":{"line":60,"column":9}},"22":{"start":{"line":62,"column":6},"end":{"line":62,"column":54}},"23":{"start":{"line":63,"column":6},"end":{"line":65,"column":7}},"24":{"start":{"line":64,"column":8},"end":{"line":64,"column":78}},"25":{"start":{"line":66,"column":6},"end":{"line":66,"column":64}},"26":{"start":{"line":71,"column":4},"end":{"line":149,"column":5}},"27":{"start":{"line":72,"column":21},"end":{"line":72,"column":31}},"28":{"start":{"line":73,"column":55},"end":{"line":73,"column":63}},"29":{"start":{"line":75,"column":19},"end":{"line":75,"column":42}},"30":{"start":{"line":76,"column":6},"end":{"line":78,"column":7}},"31":{"start":{"line":77,"column":8},"end":{"line":77,"column":72}},"32":{"start":{"line":80,"column":22},"end":{"line":80,"column":30}},"33":{"start":{"line":81,"column":22},"end":{"line":81,"column":36}},"34":{"start":{"line":84,"column":6},"end":{"line":90,"column":7}},"35":{"start":{"line":85,"column":23},"end":{"line":85,"column":76}},"36":{"start":{"line":86,"column":8},"end":{"line":89,"column":9}},"37":{"start":{"line":87,"column":10},"end":{"line":87,"column":33}},"38":{"start":{"line":88,"column":10},"end":{"line":88,"column":81}},"39":{"start":{"line":93,"column":6},"end":{"line":112,"column":7}},"40":{"start":{"line":94,"column":21},"end":{"line":94,"column":84}},"41":{"start":{"line":96,"column":8},"end":{"line":110,"column":9}},"42":{"start":{"line":97,"column":10},"end":{"line":102,"column":13}},"43":{"start":{"line":104,"column":10},"end":{"line":109,"column":13}},"44":{"start":{"line":111,"column":8},"end":{"line":111,"column":78}},"45":{"start":{"line":115,"column":6},"end":{"line":124,"column":7}},"46":{"start":{"line":116,"column":23},"end":{"line":116,"column":76}},"47":{"start":{"line":117,"column":8},"end":{"line":123,"column":9}},"48":{"start":{"line":118,"column":10},"end":{"line":122,"column":13}},"49":{"start":{"line":126,"column":25},"end":{"line":126,"column":27}},"50":{"start":{"line":127,"column":6},"end":{"line":127,"column":45}},"51":{"start":{"line":127,"column":18},"end":{"line":127,"column":45}},"52":{"start":{"line":128,"column":6},"end":{"line":128,"column":42}},"53":{"start":{"line":128,"column":17},"end":{"line":128,"column":42}},"54":{"start":{"line":129,"column":6},"end":{"line":129,"column":36}},"55":{"start":{"line":129,"column":15},"end":{"line":129,"column":36}},"56":{"start":{"line":130,"column":6},"end":{"line":130,"column":59}},"57":{"start":{"line":130,"column":32},"end":{"line":130,"column":59}},"58":{"start":{"line":131,"column":6},"end":{"line":131,"column":65}},"59":{"start":{"line":131,"column":34},"end":{"line":131,"column":65}},"60":{"start":{"line":133,"column":6},"end":{"line":133,"column":36}},"61":{"start":{"line":135,"column":26},"end":{"line":137,"column":8}},"62":{"start":{"line":139,"column":6},"end":{"line":142,"column":9}},"63":{"start":{"line":144,"column":6},"end":{"line":144,"column":59}},"64":{"start":{"line":145,"column":6},"end":{"line":148,"column":9}},"65":{"start":{"line":154,"column":4},"end":{"line":168,"column":5}},"66":{"start":{"line":155,"column":21},"end":{"line":155,"column":31}},"67":{"start":{"line":156,"column":19},"end":{"line":156,"column":42}},"68":{"start":{"line":158,"column":6},"end":{"line":160,"column":7}},"69":{"start":{"line":159,"column":8},"end":{"line":159,"column":72}},"70":{"start":{"line":162,"column":6},"end":{"line":162,"column":43}},"71":{"start":{"line":164,"column":6},"end":{"line":164,"column":64}},"72":{"start":{"line":166,"column":6},"end":{"line":166,"column":57}},"73":{"start":{"line":167,"column":6},"end":{"line":167,"column":67}},"74":{"start":{"line":173,"column":4},"end":{"line":198,"column":5}},"75":{"start":{"line":174,"column":21},"end":{"line":174,"column":31}},"76":{"start":{"line":177,"column":6},"end":{"line":179,"column":7}},"77":{"start":{"line":178,"column":8},"end":{"line":178,"column":87}},"78":{"start":{"line":181,"column":19},"end":{"line":181,"column":42}},"79":{"start":{"line":182,"column":6},"end":{"line":184,"column":7}},"80":{"start":{"line":183,"column":8},"end":{"line":183,"column":72}},"81":{"start":{"line":187,"column":6},"end":{"line":189,"column":7}},"82":{"start":{"line":188,"column":8},"end":{"line":188,"column":62}},"83":{"start":{"line":192,"column":6},"end":{"line":192,"column":27}},"84":{"start":{"line":194,"column":6},"end":{"line":194,"column":65}},"85":{"start":{"line":196,"column":6},"end":{"line":196,"column":57}},"86":{"start":{"line":197,"column":6},"end":{"line":197,"column":91}},"87":{"start":{"line":202,"column":4},"end":{"line":219,"column":5}},"88":{"start":{"line":203,"column":42},"end":{"line":203,"column":50}},"89":{"start":{"line":204,"column":19},"end":{"line":204,"column":51}},"90":{"start":{"line":206,"column":6},"end":{"line":208,"column":7}},"91":{"start":{"line":207,"column":8},"end":{"line":207,"column":72}},"92":{"start":{"line":210,"column":6},"end":{"line":210,"column":53}},"93":{"start":{"line":212,"column":6},"end":{"line":215,"column":9}},"94":{"start":{"line":217,"column":6},"end":{"line":217,"column":58}},"95":{"start":{"line":218,"column":6},"end":{"line":218,"column":68}},"96":{"start":{"line":223,"column":4},"end":{"line":242,"column":5}},"97":{"start":{"line":224,"column":47},"end":{"line":224,"column":55}},"98":{"start":{"line":225,"column":19},"end":{"line":225,"column":51}},"99":{"start":{"line":226,"column":6},"end":{"line":228,"column":7}},"100":{"start":{"line":227,"column":8},"end":{"line":227,"column":72}},"101":{"start":{"line":230,"column":22},"end":{"line":230,"column":65}},"102":{"start":{"line":231,"column":6},"end":{"line":233,"column":7}},"103":{"start":{"line":232,"column":8},"end":{"line":232,"column":79}},"104":{"start":{"line":235,"column":6},"end":{"line":235,"column":34}},"105":{"start":{"line":236,"column":6},"end":{"line":236,"column":24}},"106":{"start":{"line":238,"column":6},"end":{"line":238,"column":67}},"107":{"start":{"line":240,"column":6},"end":{"line":240,"column":59}},"108":{"start":{"line":241,"column":6},"end":{"line":241,"column":69}},"109":{"start":{"line":246,"column":0},"end":{"line":246,"column":32}}},"fnMap":{"0":{"name":"(anonymous_0)","decl":{"start":{"line":5,"column":10},"end":{"line":5,"column":11}},"loc":{"start":{"line":5,"column":30},"end":{"line":16,"column":3}},"line":5},"1":{"name":"(anonymous_1)","decl":{"start":{"line":18,"column":16},"end":{"line":18,"column":17}},"loc":{"start":{"line":18,"column":36},"end":{"line":30,"column":3}},"line":18},"2":{"name":"(anonymous_2)","decl":{"start":{"line":32,"column":10},"end":{"line":32,"column":11}},"loc":{"start":{"line":32,"column":30},"end":{"line":68,"column":3}},"line":32},"3":{"name":"(anonymous_3)","decl":{"start":{"line":70,"column":10},"end":{"line":70,"column":11}},"loc":{"start":{"line":70,"column":30},"end":{"line":150,"column":3}},"line":70},"4":{"name":"(anonymous_4)","decl":{"start":{"line":153,"column":10},"end":{"line":153,"column":11}},"loc":{"start":{"line":153,"column":30},"end":{"line":169,"column":3}},"line":153},"5":{"name":"(anonymous_5)","decl":{"start":{"line":172,"column":11},"end":{"line":172,"column":12}},"loc":{"start":{"line":172,"column":31},"end":{"line":199,"column":3}},"line":172},"6":{"name":"(anonymous_6)","decl":{"start":{"line":201,"column":17},"end":{"line":201,"column":18}},"loc":{"start":{"line":201,"column":37},"end":{"line":220,"column":3}},"line":201},"7":{"name":"(anonymous_7)","decl":{"start":{"line":222,"column":18},"end":{"line":222,"column":19}},"loc":{"start":{"line":222,"column":38},"end":{"line":243,"column":3}},"line":222}},"branchMap":{"0":{"loc":{"start":{"line":37,"column":6},"end":{"line":39,"column":7}},"type":"if","locations":[{"start":{"line":37,"column":6},"end":{"line":39,"column":7}},{"start":{},"end":{}}],"line":37},"1":{"loc":{"start":{"line":45,"column":13},"end":{"line":45,"column":30}},"type":"binary-expr","locations":[{"start":{"line":45,"column":13},"end":{"line":45,"column":16}},{"start":{"line":45,"column":20},"end":{"line":45,"column":30}}],"line":45},"2":{"loc":{"start":{"line":48,"column":6},"end":{"line":55,"column":7}},"type":"if","locations":[{"start":{"line":48,"column":6},"end":{"line":55,"column":7}},{"start":{},"end":{}}],"line":48},"3":{"loc":{"start":{"line":52,"column":20},"end":{"line":52,"column":45}},"type":"binary-expr","locations":[{"start":{"line":52,"column":20},"end":{"line":52,"column":37}},{"start":{"line":52,"column":41},"end":{"line":52,"column":45}}],"line":52},"4":{"loc":{"start":{"line":63,"column":6},"end":{"line":65,"column":7}},"type":"if","locations":[{"start":{"line":63,"column":6},"end":{"line":65,"column":7}},{"start":{},"end":{}}],"line":63},"5":{"loc":{"start":{"line":76,"column":6},"end":{"line":78,"column":7}},"type":"if","locations":[{"start":{"line":76,"column":6},"end":{"line":78,"column":7}},{"start":{},"end":{}}],"line":76},"6":{"loc":{"start":{"line":81,"column":22},"end":{"line":81,"column":36}},"type":"binary-expr","locations":[{"start":{"line":81,"column":22},"end":{"line":81,"column":25}},{"start":{"line":81,"column":29},"end":{"line":81,"column":36}}],"line":81},"7":{"loc":{"start":{"line":84,"column":6},"end":{"line":90,"column":7}},"type":"if","locations":[{"start":{"line":84,"column":6},"end":{"line":90,"column":7}},{"start":{},"end":{}}],"line":84},"8":{"loc":{"start":{"line":84,"column":10},"end":{"line":84,"column":56}},"type":"binary-expr","locations":[{"start":{"line":84,"column":10},"end":{"line":84,"column":31}},{"start":{"line":84,"column":35},"end":{"line":84,"column":56}}],"line":84},"9":{"loc":{"start":{"line":86,"column":8},"end":{"line":89,"column":9}},"type":"if","locations":[{"start":{"line":86,"column":8},"end":{"line":89,"column":9}},{"start":{},"end":{}}],"line":86},"10":{"loc":{"start":{"line":93,"column":6},"end":{"line":112,"column":7}},"type":"if","locations":[{"start":{"line":93,"column":6},"end":{"line":112,"column":7}},{"start":{},"end":{}}],"line":93},"11":{"loc":{"start":{"line":93,"column":10},"end":{"line":93,"column":56}},"type":"binary-expr","locations":[{"start":{"line":93,"column":10},"end":{"line":93,"column":31}},{"start":{"line":93,"column":35},"end":{"line":93,"column":56}}],"line":93},"12":{"loc":{"start":{"line":94,"column":60},"end":{"line":94,"column":79}},"type":"binary-expr","locations":[{"start":{"line":94,"column":60},"end":{"line":94,"column":65}},{"start":{"line":94,"column":69},"end":{"line":94,"column":79}}],"line":94},"13":{"loc":{"start":{"line":96,"column":8},"end":{"line":110,"column":9}},"type":"if","locations":[{"start":{"line":96,"column":8},"end":{"line":110,"column":9}},{"start":{"line":103,"column":15},"end":{"line":110,"column":9}}],"line":96},"14":{"loc":{"start":{"line":99,"column":20},"end":{"line":99,"column":41}},"type":"binary-expr","locations":[{"start":{"line":99,"column":20},"end":{"line":99,"column":26}},{"start":{"line":99,"column":30},"end":{"line":99,"column":41}}],"line":99},"15":{"loc":{"start":{"line":100,"column":19},"end":{"line":100,"column":38}},"type":"binary-expr","locations":[{"start":{"line":100,"column":19},"end":{"line":100,"column":24}},{"start":{"line":100,"column":28},"end":{"line":100,"column":38}}],"line":100},"16":{"loc":{"start":{"line":101,"column":22},"end":{"line":101,"column":66}},"type":"binary-expr","locations":[{"start":{"line":101,"column":22},"end":{"line":101,"column":30}},{"start":{"line":101,"column":34},"end":{"line":101,"column":47}},{"start":{"line":101,"column":51},"end":{"line":101,"column":66}}],"line":101},"17":{"loc":{"start":{"line":105,"column":20},"end":{"line":105,"column":41}},"type":"binary-expr","locations":[{"start":{"line":105,"column":20},"end":{"line":105,"column":26}},{"start":{"line":105,"column":30},"end":{"line":105,"column":41}}],"line":105},"18":{"loc":{"start":{"line":106,"column":19},"end":{"line":106,"column":38}},"type":"binary-expr","locations":[{"start":{"line":106,"column":19},"end":{"line":106,"column":24}},{"start":{"line":106,"column":28},"end":{"line":106,"column":38}}],"line":106},"19":{"loc":{"start":{"line":107,"column":22},"end":{"line":107,"column":55}},"type":"binary-expr","locations":[{"start":{"line":107,"column":22},"end":{"line":107,"column":30}},{"start":{"line":107,"column":34},"end":{"line":107,"column":47}},{"start":{"line":107,"column":51},"end":{"line":107,"column":55}}],"line":107},"20":{"loc":{"start":{"line":115,"column":6},"end":{"line":124,"column":7}},"type":"if","locations":[{"start":{"line":115,"column":6},"end":{"line":124,"column":7}},{"start":{},"end":{}}],"line":115},"21":{"loc":{"start":{"line":115,"column":10},"end":{"line":115,"column":56}},"type":"binary-expr","locations":[{"start":{"line":115,"column":10},"end":{"line":115,"column":31}},{"start":{"line":115,"column":35},"end":{"line":115,"column":56}}],"line":115},"22":{"loc":{"start":{"line":117,"column":8},"end":{"line":123,"column":9}},"type":"if","locations":[{"start":{"line":117,"column":8},"end":{"line":123,"column":9}},{"start":{},"end":{}}],"line":117},"23":{"loc":{"start":{"line":119,"column":20},"end":{"line":119,"column":41}},"type":"binary-expr","locations":[{"start":{"line":119,"column":20},"end":{"line":119,"column":26}},{"start":{"line":119,"column":30},"end":{"line":119,"column":41}}],"line":119},"24":{"loc":{"start":{"line":120,"column":19},"end":{"line":120,"column":38}},"type":"binary-expr","locations":[{"start":{"line":120,"column":19},"end":{"line":120,"column":24}},{"start":{"line":120,"column":28},"end":{"line":120,"column":38}}],"line":120},"25":{"loc":{"start":{"line":121,"column":22},"end":{"line":121,"column":66}},"type":"binary-expr","locations":[{"start":{"line":121,"column":22},"end":{"line":121,"column":30}},{"start":{"line":121,"column":34},"end":{"line":121,"column":47}},{"start":{"line":121,"column":51},"end":{"line":121,"column":66}}],"line":121},"26":{"loc":{"start":{"line":127,"column":6},"end":{"line":127,"column":45}},"type":"if","locations":[{"start":{"line":127,"column":6},"end":{"line":127,"column":45}},{"start":{},"end":{}}],"line":127},"27":{"loc":{"start":{"line":128,"column":6},"end":{"line":128,"column":42}},"type":"if","locations":[{"start":{"line":128,"column":6},"end":{"line":128,"column":42}},{"start":{},"end":{}}],"line":128},"28":{"loc":{"start":{"line":129,"column":6},"end":{"line":129,"column":36}},"type":"if","locations":[{"start":{"line":129,"column":6},"end":{"line":129,"column":36}},{"start":{},"end":{}}],"line":129},"29":{"loc":{"start":{"line":130,"column":6},"end":{"line":130,"column":59}},"type":"if","locations":[{"start":{"line":130,"column":6},"end":{"line":130,"column":59}},{"start":{},"end":{}}],"line":130},"30":{"loc":{"start":{"line":131,"column":6},"end":{"line":131,"column":65}},"type":"if","locations":[{"start":{"line":131,"column":6},"end":{"line":131,"column":65}},{"start":{},"end":{}}],"line":131},"31":{"loc":{"start":{"line":158,"column":6},"end":{"line":160,"column":7}},"type":"if","locations":[{"start":{"line":158,"column":6},"end":{"line":160,"column":7}},{"start":{},"end":{}}],"line":158},"32":{"loc":{"start":{"line":177,"column":6},"end":{"line":179,"column":7}},"type":"if","locations":[{"start":{"line":177,"column":6},"end":{"line":179,"column":7}},{"start":{},"end":{}}],"line":177},"33":{"loc":{"start":{"line":182,"column":6},"end":{"line":184,"column":7}},"type":"if","locations":[{"start":{"line":182,"column":6},"end":{"line":184,"column":7}},{"start":{},"end":{}}],"line":182},"34":{"loc":{"start":{"line":187,"column":6},"end":{"line":189,"column":7}},"type":"if","locations":[{"start":{"line":187,"column":6},"end":{"line":189,"column":7}},{"start":{},"end":{}}],"line":187},"35":{"loc":{"start":{"line":206,"column":6},"end":{"line":208,"column":7}},"type":"if","locations":[{"start":{"line":206,"column":6},"end":{"line":208,"column":7}},{"start":{},"end":{}}],"line":206},"36":{"loc":{"start":{"line":226,"column":6},"end":{"line":228,"column":7}},"type":"if","locations":[{"start":{"line":226,"column":6},"end":{"line":228,"column":7}},{"start":{},"end":{}}],"line":226},"37":{"loc":{"start":{"line":231,"column":6},"end":{"line":233,"column":7}},"type":"if","locations":[{"start":{"line":231,"column":6},"end":{"line":233,"column":7}},{"start":{},"end":{}}],"line":231}},"s":{"0":2,"1":2,"2":2,"3":0,"4":0,"5":0,"6":0,"7":0,"8":0,"9":0,"10":0,"11":0,"12":0,"13":0,"14":0,"15":0,"16":0,"17":0,"18":0,"19":0,"20":0,"21":0,"22":0,"23":0,"24":0,"25":0,"26":0,"27":0,"28":0,"29":0,"30":0,"31":0,"32":0,"33":0,"34":0,"35":0,"36":0,"37":0,"38":0,"39":0,"40":0,"41":0,"42":0,"43":0,"44":0,"45":0,"46":0,"47":0,"48":0,"49":0,"50":0,"51":0,"52":0,"53":0,"54":0,"55":0,"56":0,"57":0,"58":0,"59":0,"60":0,"61":0,"62":0,"63":0,"64":0,"65":0,"66":0,"67":0,"68":0,"69":0,"70":0,"71":0,"72":0,"73":0,"74":0,"75":0,"76":0,"77":0,"78":0,"79":0,"80":0,"81":0,"82":0,"83":0,"84":0,"85":0,"86":0,"87":0,"88":0,"89":0,"90":0,"91":0,"92":0,"93":0,"94":0,"95":0,"96":0,"97":0,"98":0,"99":0,"100":0,"101":0,"102":0,"103":0,"104":0,"105":0,"106":0,"107":0,"108":0,"109":2},"f":{"0":0,"1":0,"2":0,"3":0,"4":0,"5":0,"6":0,"7":0},"b":{"0":[0,0],"1":[0,0],"2":[0,0],"3":[0,0],"4":[0,0],"5":[0,0],"6":[0,0],"7":[0,0],"8":[0,0],"9":[0,0],"10":[0,0],"11":[0,0],"12":[0,0],"13":[0,0],"14":[0,0],"15":[0,0],"16":[0,0,0],"17":[0,0],"18":[0,0],"19":[0,0,0],"20":[0,0],"21":[0,0],"22":[0,0],"23":[0,0],"24":[0,0],"25":[0,0,0],"26":[0,0],"27":[0,0],"28":[0,0],"29":[0,0],"30":[0,0],"31":[0,0],"32":[0,0],"33":[0,0],"34":[0,0],"35":[0,0],"36":[0,0],"37":[0,0]},"_coverageSchema":"1a1c01bbd47fc00a2c39e90264f33305004495a9","hash":"f3fb8b1b3dc21febfbae33184d206a10d99d9883"}
,"C:\\Users\\jhanp\\Downloads\\proyecto-taller\\genesis-motors-backend\\src\\controllers\\vehicle.controller.js": {"path":"C:\\Users\\jhanp\\Downloads\\proyecto-taller\\genesis-motors-backend\\src\\controllers\\vehicle.controller.js","statementMap":{"0":{"start":{"line":1,"column":28},"end":{"line":1,"column":48}},"1":{"start":{"line":3,"column":26},"end":{"line":129,"column":1}},"2":{"start":{"line":5,"column":4},"end":{"line":27,"column":5}},"3":{"start":{"line":6,"column":29},"end":{"line":6,"column":38}},"4":{"start":{"line":7,"column":18},"end":{"line":7,"column":20}},"5":{"start":{"line":9,"column":6},"end":{"line":11,"column":7}},"6":{"start":{"line":10,"column":8},"end":{"line":10,"column":38}},"7":{"start":{"line":13,"column":23},"end":{"line":21,"column":8}},"8":{"start":{"line":23,"column":6},"end":{"line":23,"column":29}},"9":{"start":{"line":25,"column":6},"end":{"line":25,"column":58}},"10":{"start":{"line":26,"column":6},"end":{"line":26,"column":68}},"11":{"start":{"line":31,"column":4},"end":{"line":48,"column":5}},"12":{"start":{"line":32,"column":21},"end":{"line":32,"column":31}},"13":{"start":{"line":33,"column":22},"end":{"line":38,"column":8}},"14":{"start":{"line":40,"column":6},"end":{"line":42,"column":7}},"15":{"start":{"line":41,"column":8},"end":{"line":41,"column":73}},"16":{"start":{"line":44,"column":6},"end":{"line":44,"column":28}},"17":{"start":{"line":46,"column":6},"end":{"line":46,"column":57}},"18":{"start":{"line":47,"column":6},"end":{"line":47,"column":67}},"19":{"start":{"line":52,"column":4},"end":{"line":85,"column":5}},"20":{"start":{"line":53,"column":82},"end":{"line":53,"column":90}},"21":{"start":{"line":55,"column":21},"end":{"line":55,"column":54}},"22":{"start":{"line":56,"column":6},"end":{"line":58,"column":7}},"23":{"start":{"line":57,"column":8},"end":{"line":57,"column":72}},"24":{"start":{"line":60,"column":22},"end":{"line":69,"column":8}},"25":{"start":{"line":71,"column":32},"end":{"line":73,"column":8}},"26":{"start":{"line":75,"column":6},"end":{"line":78,"column":9}},"27":{"start":{"line":80,"column":6},"end":{"line":80,"column":55}},"28":{"start":{"line":81,"column":6},"end":{"line":83,"column":7}},"29":{"start":{"line":82,"column":8},"end":{"line":82,"column":86}},"30":{"start":{"line":84,"column":6},"end":{"line":84,"column":69}},"31":{"start":{"line":89,"column":4},"end":{"line":110,"column":5}},"32":{"start":{"line":90,"column":21},"end":{"line":90,"column":31}},"33":{"start":{"line":91,"column":70},"end":{"line":91,"column":78}},"34":{"start":{"line":93,"column":22},"end":{"line":93,"column":48}},"35":{"start":{"line":94,"column":6},"end":{"line":96,"column":7}},"36":{"start":{"line":95,"column":8},"end":{"line":95,"column":73}},"37":{"start":{"line":98,"column":6},"end":{"line":98,"column":84}},"38":{"start":{"line":100,"column":6},"end":{"line":103,"column":9}},"39":{"start":{"line":105,"column":6},"end":{"line":105,"column":60}},"40":{"start":{"line":106,"column":6},"end":{"line":108,"column":7}},"41":{"start":{"line":107,"column":8},"end":{"line":107,"column":81}},"42":{"start":{"line":109,"column":6},"end":{"line":109,"column":70}},"43":{"start":{"line":114,"column":4},"end":{"line":127,"column":5}},"44":{"start":{"line":115,"column":21},"end":{"line":115,"column":31}},"45":{"start":{"line":116,"column":22},"end":{"line":116,"column":48}},"46":{"start":{"line":118,"column":6},"end":{"line":120,"column":7}},"47":{"start":{"line":119,"column":8},"end":{"line":119,"column":73}},"48":{"start":{"line":122,"column":6},"end":{"line":122,"column":30}},"49":{"start":{"line":123,"column":6},"end":{"line":123,"column":63}},"50":{"start":{"line":125,"column":6},"end":{"line":125,"column":58}},"51":{"start":{"line":126,"column":6},"end":{"line":126,"column":68}},"52":{"start":{"line":131,"column":0},"end":{"line":131,"column":35}}},"fnMap":{"0":{"name":"(anonymous_0)","decl":{"start":{"line":4,"column":10},"end":{"line":4,"column":11}},"loc":{"start":{"line":4,"column":30},"end":{"line":28,"column":3}},"line":4},"1":{"name":"(anonymous_1)","decl":{"start":{"line":30,"column":11},"end":{"line":30,"column":12}},"loc":{"start":{"line":30,"column":31},"end":{"line":49,"column":3}},"line":30},"2":{"name":"(anonymous_2)","decl":{"start":{"line":51,"column":10},"end":{"line":51,"column":11}},"loc":{"start":{"line":51,"column":30},"end":{"line":86,"column":3}},"line":51},"3":{"name":"(anonymous_3)","decl":{"start":{"line":88,"column":10},"end":{"line":88,"column":11}},"loc":{"start":{"line":88,"column":30},"end":{"line":111,"column":3}},"line":88},"4":{"name":"(anonymous_4)","decl":{"start":{"line":113,"column":10},"end":{"line":113,"column":11}},"loc":{"start":{"line":113,"column":30},"end":{"line":128,"column":3}},"line":113}},"branchMap":{"0":{"loc":{"start":{"line":9,"column":6},"end":{"line":11,"column":7}},"type":"if","locations":[{"start":{"line":9,"column":6},"end":{"line":11,"column":7}},{"start":{},"end":{}}],"line":9},"1":{"loc":{"start":{"line":40,"column":6},"end":{"line":42,"column":7}},"type":"if","locations":[{"start":{"line":40,"column":6},"end":{"line":42,"column":7}},{"start":{},"end":{}}],"line":40},"2":{"loc":{"start":{"line":56,"column":6},"end":{"line":58,"column":7}},"type":"if","locations":[{"start":{"line":56,"column":6},"end":{"line":58,"column":7}},{"start":{},"end":{}}],"line":56},"3":{"loc":{"start":{"line":81,"column":6},"end":{"line":83,"column":7}},"type":"if","locations":[{"start":{"line":81,"column":6},"end":{"line":83,"column":7}},{"start":{},"end":{}}],"line":81},"4":{"loc":{"start":{"line":94,"column":6},"end":{"line":96,"column":7}},"type":"if","locations":[{"start":{"line":94,"column":6},"end":{"line":96,"column":7}},{"start":{},"end":{}}],"line":94},"5":{"loc":{"start":{"line":106,"column":6},"end":{"line":108,"column":7}},"type":"if","locations":[{"start":{"line":106,"column":6},"end":{"line":108,"column":7}},{"start":{},"end":{}}],"line":106},"6":{"loc":{"start":{"line":118,"column":6},"end":{"line":120,"column":7}},"type":"if","locations":[{"start":{"line":118,"column":6},"end":{"line":120,"column":7}},{"start":{},"end":{}}],"line":118}},"s":{"0":2,"1":2,"2":0,"3":0,"4":0,"5":0,"6":0,"7":0,"8":0,"9":0,"10":0,"11":0,"12":0,"13":0,"14":0,"15":0,"16":0,"17":0,"18":0,"19":0,"20":0,"21":0,"22":0,"23":0,"24":0,"25":0,"26":0,"27":0,"28":0,"29":0,"30":0,"31":0,"32":0,"33":0,"34":0,"35":0,"36":0,"37":0,"38":0,"39":0,"40":0,"41":0,"42":0,"43":0,"44":0,"45":0,"46":0,"47":0,"48":0,"49":0,"50":0,"51":0,"52":2},"f":{"0":0,"1":0,"2":0,"3":0,"4":0},"b":{"0":[0,0],"1":[0,0],"2":[0,0],"3":[0,0],"4":[0,0],"5":[0,0],"6":[0,0]},"_coverageSchema":"1a1c01bbd47fc00a2c39e90264f33305004495a9","hash":"df39ceef67f49a5e98fe76910f0b6d74b4339d3e"}
,"C:\\Users\\jhanp\\Downloads\\proyecto-taller\\genesis-motors-backend\\src\\controllers\\workOrder.controller.js": {"path":"C:\\Users\\jhanp\\Downloads\\proyecto-taller\\genesis-motors-backend\\src\\controllers\\workOrder.controller.js","statementMap":{"0":{"start":{"line":1,"column":84},"end":{"line":1,"column":104}},"1":{"start":{"line":2,"column":15},"end":{"line":2,"column":35}},"2":{"start":{"line":3,"column":18},"end":{"line":3,"column":47}},"3":{"start":{"line":5,"column":28},"end":{"line":393,"column":1}},"4":{"start":{"line":8,"column":4},"end":{"line":64,"column":5}},"5":{"start":{"line":9,"column":45},"end":{"line":9,"column":54}},"6":{"start":{"line":10,"column":18},"end":{"line":10,"column":20}},"7":{"start":{"line":12,"column":6},"end":{"line":14,"column":7}},"8":{"start":{"line":13,"column":8},"end":{"line":13,"column":30}},"9":{"start":{"line":16,"column":6},"end":{"line":18,"column":7}},"10":{"start":{"line":17,"column":8},"end":{"line":17,"column":40}},"11":{"start":{"line":20,"column":6},"end":{"line":29,"column":7}},"12":{"start":{"line":21,"column":26},"end":{"line":21,"column":41}},"13":{"start":{"line":22,"column":8},"end":{"line":22,"column":39}},"14":{"start":{"line":23,"column":24},"end":{"line":23,"column":39}},"15":{"start":{"line":24,"column":8},"end":{"line":24,"column":42}},"16":{"start":{"line":26,"column":8},"end":{"line":28,"column":10}},"17":{"start":{"line":31,"column":25},"end":{"line":58,"column":8}},"18":{"start":{"line":60,"column":6},"end":{"line":60,"column":31}},"19":{"start":{"line":62,"column":6},"end":{"line":62,"column":56}},"20":{"start":{"line":63,"column":6},"end":{"line":63,"column":77}},"21":{"start":{"line":69,"column":4},"end":{"line":108,"column":5}},"22":{"start":{"line":70,"column":21},"end":{"line":70,"column":31}},"23":{"start":{"line":71,"column":24},"end":{"line":98,"column":8}},"24":{"start":{"line":100,"column":6},"end":{"line":102,"column":7}},"25":{"start":{"line":101,"column":8},"end":{"line":101,"column":81}},"26":{"start":{"line":104,"column":6},"end":{"line":104,"column":30}},"27":{"start":{"line":106,"column":6},"end":{"line":106,"column":54}},"28":{"start":{"line":107,"column":6},"end":{"line":107,"column":75}},"29":{"start":{"line":113,"column":4},"end":{"line":199,"column":5}},"30":{"start":{"line":114,"column":76},"end":{"line":114,"column":84}},"31":{"start":{"line":117,"column":22},"end":{"line":117,"column":57}},"32":{"start":{"line":118,"column":6},"end":{"line":120,"column":7}},"33":{"start":{"line":119,"column":8},"end":{"line":119,"column":73}},"34":{"start":{"line":123,"column":19},"end":{"line":123,"column":29}},"35":{"start":{"line":124,"column":19},"end":{"line":124,"column":37}},"36":{"start":{"line":125,"column":20},"end":{"line":125,"column":64}},"37":{"start":{"line":126,"column":18},"end":{"line":126,"column":57}},"38":{"start":{"line":127,"column":21},"end":{"line":127,"column":60}},"39":{"start":{"line":128,"column":21},"end":{"line":128,"column":57}},"40":{"start":{"line":131,"column":24},"end":{"line":140,"column":8}},"41":{"start":{"line":143,"column":6},"end":{"line":148,"column":7}},"42":{"start":{"line":144,"column":28},"end":{"line":144,"column":63}},"43":{"start":{"line":145,"column":8},"end":{"line":147,"column":9}},"44":{"start":{"line":146,"column":10},"end":{"line":146,"column":62}},"45":{"start":{"line":151,"column":23},"end":{"line":151,"column":24}},"46":{"start":{"line":152,"column":6},"end":{"line":170,"column":7}},"47":{"start":{"line":153,"column":8},"end":{"line":166,"column":9}},"48":{"start":{"line":154,"column":26},"end":{"line":154,"column":74}},"49":{"start":{"line":155,"column":10},"end":{"line":165,"column":11}},"50":{"start":{"line":156,"column":27},"end":{"line":156,"column":80}},"51":{"start":{"line":157,"column":12},"end":{"line":163,"column":15}},"52":{"start":{"line":164,"column":12},"end":{"line":164,"column":45}},"53":{"start":{"line":169,"column":8},"end":{"line":169,"column":60}},"54":{"start":{"line":173,"column":31},"end":{"line":187,"column":8}},"55":{"start":{"line":189,"column":6},"end":{"line":192,"column":9}},"56":{"start":{"line":194,"column":6},"end":{"line":194,"column":52}},"57":{"start":{"line":195,"column":6},"end":{"line":198,"column":9}},"58":{"start":{"line":204,"column":4},"end":{"line":299,"column":5}},"59":{"start":{"line":205,"column":21},"end":{"line":205,"column":31}},"60":{"start":{"line":206,"column":54},"end":{"line":206,"column":62}},"61":{"start":{"line":208,"column":24},"end":{"line":208,"column":52}},"62":{"start":{"line":209,"column":6},"end":{"line":211,"column":7}},"63":{"start":{"line":210,"column":8},"end":{"line":210,"column":81}},"64":{"start":{"line":214,"column":31},"end":{"line":221,"column":7}},"65":{"start":{"line":224,"column":6},"end":{"line":231,"column":7}},"66":{"start":{"line":225,"column":8},"end":{"line":230,"column":9}},"67":{"start":{"line":226,"column":10},"end":{"line":229,"column":13}},"68":{"start":{"line":234,"column":25},"end":{"line":234,"column":27}},"69":{"start":{"line":236,"column":6},"end":{"line":248,"column":7}},"70":{"start":{"line":237,"column":8},"end":{"line":237,"column":35}},"71":{"start":{"line":240,"column":8},"end":{"line":242,"column":9}},"72":{"start":{"line":241,"column":10},"end":{"line":241,"column":44}},"73":{"start":{"line":245,"column":8},"end":{"line":247,"column":9}},"74":{"start":{"line":246,"column":10},"end":{"line":246,"column":47}},"75":{"start":{"line":250,"column":6},"end":{"line":252,"column":7}},"76":{"start":{"line":251,"column":8},"end":{"line":251,"column":45}},"77":{"start":{"line":254,"column":6},"end":{"line":256,"column":7}},"78":{"start":{"line":255,"column":8},"end":{"line":255,"column":51}},"79":{"start":{"line":259,"column":6},"end":{"line":261,"column":7}},"80":{"start":{"line":260,"column":8},"end":{"line":260,"column":79}},"81":{"start":{"line":263,"column":6},"end":{"line":263,"column":41}},"82":{"start":{"line":266,"column":27},"end":{"line":287,"column":8}},"83":{"start":{"line":289,"column":6},"end":{"line":292,"column":9}},"84":{"start":{"line":294,"column":6},"end":{"line":294,"column":57}},"85":{"start":{"line":295,"column":6},"end":{"line":298,"column":9}},"86":{"start":{"line":304,"column":4},"end":{"line":330,"column":5}},"87":{"start":{"line":305,"column":21},"end":{"line":305,"column":31}},"88":{"start":{"line":306,"column":30},"end":{"line":306,"column":38}},"89":{"start":{"line":308,"column":24},"end":{"line":308,"column":52}},"90":{"start":{"line":309,"column":6},"end":{"line":311,"column":7}},"91":{"start":{"line":310,"column":8},"end":{"line":310,"column":81}},"92":{"start":{"line":313,"column":23},"end":{"line":315,"column":8}},"93":{"start":{"line":317,"column":6},"end":{"line":319,"column":7}},"94":{"start":{"line":318,"column":8},"end":{"line":318,"column":84}},"95":{"start":{"line":321,"column":6},"end":{"line":321,"column":46}},"96":{"start":{"line":323,"column":6},"end":{"line":326,"column":9}},"97":{"start":{"line":328,"column":6},"end":{"line":328,"column":57}},"98":{"start":{"line":329,"column":6},"end":{"line":329,"column":67}},"99":{"start":{"line":335,"column":4},"end":{"line":391,"column":5}},"100":{"start":{"line":336,"column":21},"end":{"line":336,"column":31}},"101":{"start":{"line":337,"column":28},"end":{"line":337,"column":36}},"102":{"start":{"line":339,"column":24},"end":{"line":339,"column":52}},"103":{"start":{"line":340,"column":6},"end":{"line":342,"column":7}},"104":{"start":{"line":341,"column":8},"end":{"line":341,"column":81}},"105":{"start":{"line":345,"column":6},"end":{"line":349,"column":7}},"106":{"start":{"line":346,"column":8},"end":{"line":348,"column":11}},"107":{"start":{"line":351,"column":27},"end":{"line":351,"column":28}},"108":{"start":{"line":353,"column":6},"end":{"line":369,"column":7}},"109":{"start":{"line":354,"column":24},"end":{"line":354,"column":72}},"110":{"start":{"line":355,"column":8},"end":{"line":357,"column":9}},"111":{"start":{"line":356,"column":10},"end":{"line":356,"column":110}},"112":{"start":{"line":359,"column":23},"end":{"line":359,"column":76}},"113":{"start":{"line":360,"column":8},"end":{"line":366,"column":11}},"114":{"start":{"line":368,"column":8},"end":{"line":368,"column":45}},"115":{"start":{"line":371,"column":25},"end":{"line":371,"column":80}},"116":{"start":{"line":372,"column":6},"end":{"line":372,"column":58}},"117":{"start":{"line":374,"column":27},"end":{"line":382,"column":8}},"118":{"start":{"line":384,"column":6},"end":{"line":387,"column":9}},"119":{"start
[...]
,"C:\\Users\\jhanp\\Downloads\\proyecto-taller\\genesis-motors-backend\\src\\models\\User.js": {"path":"C:\\Users\\jhanp\\Downloads\\proyecto-taller\\genesis-motors-backend\\src\\models\\User.js","statementMap":{"0":{"start":{"line":1,"column":22},"end":{"line":1,"column":42}},"1":{"start":{"line":2,"column":18},"end":{"line":2,"column":47}},"2":{"start":{"line":3,"column":15},"end":{"line":3,"column":34}},"3":{"start":{"line":5,"column":13},"end":{"line":60,"column":2}},"4":{"start":{"line":48,"column":6},"end":{"line":51,"column":7}},"5":{"start":{"line":49,"column":21},"end":{"line":49,"column":45}},"6":{"start":{"line":50,"column":8},"end":{"line":50,"column":63}},"7":{"start":{"line":54,"column":6},"end":{"line":57,"column":7}},"8":{"start":{"line":55,"column":21},"end":{"line":55,"column":45}},"9":{"start":{"line":56,"column":8},"end":{"line":56,"column":63}},"10":{"start":{"line":62,"column":0},"end":{"line":64,"column":2}},"11":{"start":{"line":63,"column":2},"end":{"line":63,"column":55}},"12":{"start":{"line":66,"column":0},"end":{"line":70,"column":2}},"13":{"start":{"line":67,"column":17},"end":{"line":67,"column":34}},"14":{"start":{"line":68,"column":2},"end":{"line":68,"column":25}},"15":{"start":{"line":69,"column":2},"end":{"line":69,"column":16}},"16":{"start":{"line":72,"column":0},"end":{"line":72,"column":22}}},"fnMap":{"0":{"name":"(anonymous_0)","decl":{"start":{"line":47,"column":18},"end":{"line":47,"column":19}},"loc":{"start":{"line":47,"column":34},"end":{"line":52,"column":5}},"line":47},"1":{"name":"(anonymous_1)","decl":{"start":{"line":53,"column":18},"end":{"line":53,"column":19}},"loc":{"start":{"line":53,"column":34},"end":{"line":58,"column":5}},"line":53},"2":{"name":"(anonymous_2)","decl":{"start":{"line":62,"column":33},"end":{"line":62,"column":34}},"loc":{"start":{"line":62,"column":58},"end":{"line":64,"column":1}},"line":62},"3":{"name":"(anonymous_3)","decl":{"start":{"line":66,"column":24},"end":{"line":66,"column":25}},"loc":{"start":{"line":66,"column":35},"end":{"line":70,"column":1}},"line":66}},"branchMap":{"0":{"loc":{"start":{"line":48,"column":6},"end":{"line":51,"column":7}},"type":"if","locations":[{"start":{"line":48,"column":6},"end":{"line":51,"column":7}},{"start":{},"end":{}}],"line":48},"1":{"loc":{"start":{"line":54,"column":6},"end":{"line":57,"column":7}},"type":"if","locations":[{"start":{"line":54,"column":6},"end":{"line":57,"column":7}},{"start":{},"end":{}}],"line":54}},"s":{"0":2,"1":2,"2":2,"3":2,"4":0,"5":0,"6":0,"7":0,"8":0,"9":0,"10":2,"11":0,"12":2,"13":0,"14":0,"15":0,"16":2},"f":{"0":0,"1":0,"2":0,"3":0},"b":{"0":[0,0],"1":[0,0]},"_coverageSchema":"1a1c01bbd47fc00a2c39e90264f33305004495a9","hash":"093ec19bdb6c603688fba68bed5b2c2a820f34d1"}
,"C:\\Users\\jhanp\\Downloads\\proyecto-taller\\genesis-motors-backend\\src\\models\\Vehicle.js": {"path":"C:\\Users\\jhanp\\Downloads\\proyecto-taller\\genesis-motors-backend\\src\\models\\Vehicle.js","statementMap":{"0":{"start":{"line":1,"column":22},"end":{"line":1,"column":42}},"1":{"start":{"line":2,"column":18},"end":{"line":2,"column":47}},"2":{"start":{"line":4,"column":16},"end":{"line":55,"column":2}},"3":{"start":{"line":57,"column":0},"end":{"line":57,"column":25}}},"fnMap":{},"branchMap":{},"s":{"0":2,"1":2,"2":2,"3":2},"f":{},"b":{},"_coverageSchema":"1a1c01bbd47fc00a2c39e90264f33305004495a9","hash":"94ffb926102c9d116dda8956e36f6c554ea0f424"}
,"C:\\Users\\jhanp\\Downloads\\proyecto-taller\\genesis-motors-backend\\src\\models\\WorkOrder.js": {"path":"C:\\Users\\jhanp\\Downloads\\proyecto-taller\\genesis-motors-backend\\src\\models\\WorkOrder.js","statementMap":{"0":{"start":{"line":1,"column":22},"end":{"line":1,"column":42}},"1":{"start":{"line":2,"column":18},"end":{"line":2,"column":47}},"2":{"start":{"line":4,"column":18},"end":{"line":80,"column":2}},"3":{"start":{"line":60,"column":6},"end":{"line":67,"column":7}},"4":{"start":{"line":61,"column":21},"end":{"line":61,"column":31}},"5":{"start":{"line":62,"column":21},"end":{"line":62,"column":39}},"6":{"start":{"line":63,"column":22},"end":{"line":63,"column":66}},"7":{"start":{"line":64,"column":20},"end":{"line":64,"column":59}},"8":{"start":{"line":65,"column":23},"end":{"line":65,"column":62}},"9":{"start":{"line":66,"column":8},"end":{"line":66,"column":60}},"10":{"start":{"line":70,"column":6},"end":{"line":77,"column":7}},"11":{"start":{"line":71,"column":21},"end":{"line":71,"column":31}},"12":{"start":{"line":72,"column":21},"end":{"line":72,"column":39}},"13":{"start":{"line":73,"column":22},"end":{"line":73,"column":66}},"14":{"start":{"line":74,"column":20},"end":{"line":74,"column":59}},"15":{"start":{"line":75,"column":23},"end":{"line":75,"column":62}},"16":{"start":{"line":76,"column":8},"end":{"line":76,"column":60}},"17":{"start":{"line":82,"column":0},"end":{"line":82,"column":27}}},"fnMap":{"0":{"name":"(anonymous_0)","decl":{"start":{"line":59,"column":18},"end":{"line":59,"column":19}},"loc":{"start":{"line":59,"column":35},"end":{"line":68,"column":5}},"line":59},"1":{"name":"(anonymous_1)","decl":{"start":{"line":69,"column":20},"end":{"line":69,"column":21}},"loc":{"start":{"line":69,"column":37},"end":{"line":78,"column":5}},"line":69}},"branchMap":{"0":{"loc":{"start":{"line":60,"column":6},"end":{"line":67,"column":7}},"type":"if","locations":[{"start":{"line":60,"column":6},"end":{"line":67,"column":7}},{"start":{},"end":{}}],"line":60},"1":{"loc":{"start":{"line":70,"column":6},"end":{"line":77,"column":7}},"type":"if","locations":[{"start":{"line":70,"column":6},"end":{"line":77,"column":7}},{"start":{},"end":{}}],"line":70}},"s":{"0":2,"1":2,"2":2,"3":0,"4":0,"5":0,"6":0,"7":0,"8":0,"9":0,"10":0,"11":0,"12":0,"13":0,"14":0,"15":0,"16":0,"17":2},"f":{"0":0,"1":0},"b":{"0":[0,0],"1":[0,0]},"_coverageSchema":"1a1c01bbd47fc00a2c39e90264f33305004495a9","hash":"0a220edd692a3b8869bf49bb6a25fbbf89e01f6b"}
,"C:\\Users\\jhanp\\Downloads\\proyecto-taller\\genesis-motors-backend\\src\\models\\WorkOrderDetail.js": {"path":"C:\\Users\\jhanp\\Downloads\\proyecto-taller\\genesis-motors-backend\\src\\models\\WorkOrderDetail.js","statementMap":{"0":{"start":{"line":1,"column":22},"end":{"line":1,"column":42}},"1":{"start":{"line":2,"column":18},"end":{"line":2,"column":47}},"2":{"start":{"line":4,"column":24},"end":{"line":33,"column":2}},"3":{"start":{"line":35,"column":0},"end":{"line":35,"column":33}}},"fnMap":{},"branchMap":{},"s":{"0":2,"1":2,"2":2,"3":2},"f":{},"b":{},"_coverageSchema":"1a1c01bbd47fc00a2c39e90264f33305004495a9","hash":"b233a872f5f8dedcb0e3770b852cc138cc60d085"}
,"C:\\Users\\jhanp\\Downloads\\proyecto-taller\\genesis-motors-backend\\src\\models\\index.js": {"path":"C:\\Users\\jhanp\\Downloads\\proyecto-taller\\genesis-motors-backend\\src\\models\\index.js","statementMap":{"0":{"start":{"line":1,"column":18},"end":{"line":1,"column":47}},"1":{"start":{"line":2,"column":13},"end":{"line":2,"column":30}},"2":{"start":{"line":3,"column":15},"end":{"line":3,"column":34}},"3":{"start":{"line":4,"column":16},"end":{"line":4,"column":36}},"4":{"start":{"line":5,"column":20},"end":{"line":5,"column":44}},"5":{"start":{"line":6,"column":18},"end":{"line":6,"column":40}},"6":{"start":{"line":7,"column":16},"end":{"line":7,"column":36}},"7":{"start":{"line":8,"column":24},"end":{"line":8,"column":52}},"8":{"start":{"line":11,"column":0},"end":{"line":11,"column":68}},"9":{"start":{"line":12,"column":0},"end":{"line":12,"column":62}},"10":{"start":{"line":15,"column":0},"end":{"line":15,"column":82}},"11":{"start":{"line":16,"column":0},"end":{"line":16,"column":85}},"12":{"start":{"line":18,"column":0},"end":{"line":18,"column":70}},"13":{"start":{"line":19,"column":0},"end":{"line":19,"column":71}},"14":{"start":{"line":21,"column":0},"end":{"line":21,"column":78}},"15":{"start":{"line":22,"column":0},"end":{"line":22,"column":75}},"16":{"start":{"line":24,"column":0},"end":{"line":24,"column":80}},"17":{"start":{"line":25,"column":0},"end":{"line":25,"column":78}},"18":{"start":{"line":27,"column":0},"end":{"line":27,"column":76}},"19":{"start":{"line":28,"column":0},"end":{"line":28,"column":76}},"20":{"start":{"line":30,"column":0},"end":{"line":30,"column":77}},"21":{"start":{"line":31,"column":0},"end":{"line":31,"column":73}},"22":{"start":{"line":33,"column":0},"end":{"line":33,"column":74}},"23":{"start":{"line":34,"column":0},"end":{"line":34,"column":72}},"24":{"start":{"line":36,"column":0},"end":{"line":36,"column":78}},"25":{"start":{"line":37,"column":0},"end":{"line":37,"column":82}},"26":{"start":{"line":39,"column":0},"end":{"line":39,"column":84}},"27":{"start":{"line":40,"column":0},"end":{"line":40,"column":81}},"28":{"start":{"line":42,"column":0},"end":{"line":51,"column":2}}},"fnMap":{},"branchMap":{},"s":{"0":2,"1":2,"2":2,"3":2,"4":2,"5":2,"6":2,"7":2,"8":2,"9":2,"10":2,"11":2,"12":2,"13":2,"14":2,"15":2,"16":2,"17":2,"18":2,"19":2,"20":2,"21":2,"22":2,"23":2,"24":2,"25":2,"26":2,"27":2,"28":2},"f":{},"b":{},"_coverageSchema":"1a1c01bbd47fc00a2c39e90264f33305004495a9","hash":"ef57140704d27ff4e71280561d2287538d397064"}
,"C:\\Users\\jhanp\\Downloads\\proyecto-taller\\genesis-motors-backend\\src\\routes\\appointment.routes.js": {"path":"C:\\Users\\jhanp\\Downloads\\proyecto-taller\\genesis-motors-backend\\src\\routes\\appointment.routes.js","statementMap":{"0":{"start":{"line":1,"column":16},"end":{"line":1,"column":34}},"1":{"start":{"line":2,"column":15},"end":{"line":2,"column":31}},"2":{"start":{"line":3,"column":30},"end":{"line":3,"column":78}},"3":{"start":{"line":4,"column":43},"end":{"line":4,"column":83}},"4":{"start":{"line":6,"column":0},"end":{"line":6,"column":27}},"5":{"start":{"line":9,"column":0},"end":{"line":9,"column":100}},"6":{"start":{"line":12,"column":0},"end":{"line":12,"column":104}},"7":{"start":{"line":15,"column":0},"end":{"line":15,"column":89}},"8":{"start":{"line":18,"column":0},"end":{"line":18,"column":106}},"9":{"start":{"line":21,"column":0},"end":{"line":21,"column":100}},"10":{"start":{"line":23,"column":0},"end":{"line":23,"column":24}}},"fnMap":{},"branchMap":{},"s":{"0":2,"1":2,"2":2,"3":2,"4":2,"5":2,"6":2,"7":2,"8":2,"9":2,"10":2},"f":{},"b":{},"_coverageSchema":"1a1c01bbd47fc00a2c39e90264f33305004495a9","hash":"cbee7daa32b08f9918c34bf85e3dab2a8cfea555"}
,"C:\\Users\\jhanp\\Downloads\\proyecto-taller\\genesis-motors-backend\\src\\routes\\auth.routes.js": {"path":"C:\\Users\\jhanp\\Downloads\\proyecto-taller\\genesis-motors-backend\\src\\routes\\auth.routes.js","statementMap":{"0":{"start":{"line":1,"column":16},"end":{"line":1,"column":34}},"1":{"start":{"line":2,"column":15},"end":{"line":2,"column":31}},"2":{"start":{"line":3,"column":23},"end":{"line":3,"column":64}},"3":{"start":{"line":4,"column":27},"end":{"line":4,"column":67}},"4":{"start":{"line":7,"column":0},"end":{"line":7,"column":44}},"5":{"start":{"line":8,"column":0},"end":{"line":8,"column":50}},"6":{"start":{"line":9,"column":0},"end":{"line":9,"column":63}},"7":{"start":{"line":12,"column":0},"end":{"line":12,"column":53}},"8":{"start":{"line":14,"column":0},"end":{"line":14,"column":24}}},"fnMap":{},"branchMap":{},"s":{"0":2,"1":2,"2":2,"3":2,"4":2,"5":2,"6":2,"7":2,"8":2},"f":{},"b":{},"_coverageSchema":"1a1c01bbd47fc00a2c39e90264f33305004495a9","hash":"8d6e3cbe07e22f90bdb260dce1c76353b3617a6c"}
,"C:\\Users\\jhanp\\Downloads\\proyecto-taller\\genesis-motors-backend\\src\\routes\\client.routes.js": {"path":"C:\\Users\\jhanp\\Downloads\\proyecto-taller\\genesis-motors-backend\\src\\routes\\client.routes.js","statementMap":{"0":{"start":{"line":1,"column":16},"end":{"line":1,"column":34}},"1":{"start":{"line":2,"column":15},"end":{"line":2,"column":31}},"2":{"start":{"line":3,"column":25},"end":{"line":3,"column":68}},"3":{"start":{"line":4,"column":43},"end":{"line":4,"column":83}},"4":{"start":{"line":6,"column":0},"end":{"line":6,"column":27}},"5":{"start":{"line":9,"column":0},"end":{"line":9,"column":95}},"6":{"start":{"line":12,"column":0},"end":{"line":12,"column":99}},"7":{"start":{"line":15,"column":0},"end":{"line":15,"column":84}},"8":{"start":{"line":16,"column":0},"end":{"line":16,"column":86}},"9":{"start":{"line":17,"column":0},"end":{"line":17,"column":72}},"10":{"start":{"line":19,"column":0},"end":{"line":19,"column":24}}},"fnMap":{},"branchMap":{},"s":{"0":2,"1":2,"2":2,"3":2,"4":2,"5":2,"6":2,"7":2,"8":2,"9":2,"10":2},"f":{},"b":{},"_coverageSchema":"1a1c01bbd47fc00a2c39e90264f33305004495a9","hash":"6afc420907be4a25b5be41dbab64212f73d51def"}
,"C:\\Users\\jhanp\\Downloads\\proyecto-taller\\genesis-motors-backend\\src\\routes\\clientPortal.routes.js": {"path":"C:\\Users\\jhanp\\Downloads\\proyecto-taller\\genesis-motors-backend\\src\\routes\\clientPortal.routes.js","statementMap":{"0":{"start":{"line":1,"column":16},"end":{"line":1,"column":34}},"1":{"start":{"line":2,"column":15},"end":{"line":2,"column":31}},"2":{"start":{"line":3,"column":31},"end":{"line":3,"column":80}},"3":{"start":{"line":4,"column":43},"end":{"line":4,"column":83}},"4":{"start":{"line":6,"column":0},"end":{"line":6,"column":27}},"5":{"start":{"line":9,"column":0},"end":{"line":9,"column":85}},"6":{"start":{"line":12,"column":0},"end":{"line":12,"column":89}},"7":{"start":{"line":13,"column":0},"end":{"line":13,"column":89}},"8":{"start":{"line":16,"column":0},"end":{"line":16,"column":97}},"9":{"start":{"line":17,"column":0},"end":{"line":17,"column":100}},"10":{"start":{"line":20,"column":0},"end":{"line":20,"column":89}},"11":{"start":{"line":22,"column":0},"end":{"line":22,"column":24}}},"fnMap":{},"branchMap":{},"s":{"0":2,"1":2,"2":2,"3":2,"4":2,"5":2,"6":2,"7":2,"8":2,"9":2,"10":2,"11":2},"f":{},"b":{},"_coverageSchema":"1a1c01bbd47fc00a2c39e90264f33305004495a9","hash":"51c531835ae7f7537bf9583363a1331fc9701c77"}
,"C:\\Users\\jhanp\\Downloads\\proyecto-taller\\genesis-motors-backend\\src\\routes\\dashboard.routes.js": {"path":"C:\\Users\\jhanp\\Downloads\\proyecto-taller\\genesis-motors-backend\\src\\routes\\dashboard.routes.js","statementMap":{"0":{"start":{"line":1,"column":16},"end":{"line":1,"column":34}},"1":{"start":{"line":2,"column":15},"end":{"line":2,"column":31}},"2":{"start":{"line":3,"column":28},"end":{"line":3,"column":74}},"3":{"start":{"line":4,"column":27},"end":{"line":4,"column":67}},"4":{"start":{"line":6,"column":0},"end":{"line":6,"column":27}},"5":{"start":{"line":8,"column":0},"end":{"line":8,"column":51}},"6":{"start":{"line":10,"column":0},"end":{"line":10,"column":24}}},"fnMap":{},"branchMap":{},"s":{"0":2,"1":2,"2":2,"3":2,"4":2,"5":2,"6":2},"f":{},"b":{},"_coverageSchema":"1a1c01bbd47fc00a2c39e90264f33305004495a9","hash":"f7c7870cbcf29c70f23fcdf6cd3cc2ac0b578f14"}
,"C:\\Users\\jhanp\\Downloads\\proyecto-taller\\genesis-motors-backend\\src\\routes\\service.routes.js": {"path":"C:\\Users\\jhanp\\Downloads\\proyecto-taller\\genesis-motors-backend\\src\\routes\\service.routes.js","statementMap":{"0":{"start":{"line":1,"column":16},"end":{"line":1,"column":34}},"1":{"start":{"line":2,"column":15},"end":{"line":2,"column":31}},"2":{"start":{"line":3,"column":26},"end":{"line":3,"column":70}},"3":{"start":{"line":4,"column":43},"end":{"line":4,"column":83}},"4":{"start":{"line":6,"column":0},"end":{"line":6,"column":27}},"5":{"start":{"line":9,"column":0},"end":{"line":9,"column":96}},"6":{"start":{"line":12,"column":0},"end":{"line":12,"column":68}},"7":{"start":{"line":13,"column":0},"end":{"line":13,"column":70}},"8":{"start":{"line":14,"column":0},"end":{"line":14,"column":73}},"9":{"start":{"line":16,"column":0},"end":{"line":16,"column":24}}},"fnMap":{},"branchMap":{},"s":{"0":2,"1":2,"2":2,"3":2,"4":2,"5":2,"6":2,"7":2,"8":2,"9":2},"f":{},"b":{},"_coverageSchema":"1a1c01bbd47fc00a2c39e90264f33305004495a9","hash":"408bd3175e7c25d8c62dcc80d009710eb22ed41f"}
,"C:\\Users\\jhanp\\Downloads\\proyecto-taller\\genesis-motors-backend\\src\\routes\\user.routes.js": {"path":"C:\\Users\\jhanp\\Downloads\\proyecto-taller\\genesis-motors-backend\\src\\routes\\user.routes.js","statementMap":{"0":{"start":{"line":1,"column":16},"end":{"line":1,"column":34}},"1":{"start":{"line":2,"column":15},"end":{"line":2,"column":31}},"2":{"start":{"line":3,"column":23},"end":{"line":3,"column":64}},"3":{"start":{"line":4,"column":43},"end":{"line":4,"column":83}},"4":{"start":{"line":6,"column":0},"end":{"line":6,"column":27}},"5":{"start":{"line":9,"column":0},"end":{"line":9,"column":60}},"6":{"start":{"line":10,"column":0},"end":{"line":10,"column":62}},"7":{"start":{"line":13,"column":0},"end":{"line":13,"column":64}},"8":{"start":{"line":14,"column":0},"end":{"line":14,"column":96}},"9":{"start":{"line":15,"column":0},"end":{"line":15,"column":65}},"10":{"start":{"line":16,"column":0},"end":{"line":16,"column":67}},"11":{"start":{"line":17,"column":0},"end":{"line":17,"column":70}},"12":{"start":{"line":18,"column":0},"end":{"line":18,"column":81}},"13":{"start":{"line":20,"column":0},"end":{"line":20,"column":24}}},"fnMap":{},"branchMap":{},"s":{"0":2,"1":2,"2":2,"3":2,"4":2,"5":2,"6":2,"7":2,"8":2,"9":2,"10":2,"11":2,"12":2,"13":2},"f":{},"b":{},"_coverageSchema":"1a1c01bbd47fc00a2c39e90264f33305004495a9","hash":"6e69d3d12f0ff386e2bdf2429345279c2d358753"}
,"C:\\Users\\jhanp\\Downloads\\proyecto-taller\\genesis-motors-backend\\src\\routes\\vehicle.routes.js": {"path":"C:\\Users\\jhanp\\Downloads\\proyecto-taller\\genesis-motors-backend\\src\\routes\\vehicle.routes.js","statementMap":{"0":{"start":{"line":1,"column":16},"end":{"line":1,"column":34}},"1":{"start":{"line":2,"column":15},"end":{"line":2,"column":31}},"2":{"start":{"line":3,"column":26},"end":{"line":3,"column":70}},"3":{"start":{"line":4,"column":43},"end":{"line":4,"column":83}},"4":{"start":{"line":6,"column":0},"end":{"line":6,"column":27}},"5":{"start":{"line":9,"column":0},"end":{"line":9,"column":96}},"6":{"start":{"line":12,"column":0},"end":{"line":12,"column":100}},"7":{"start":{"line":15,"column":0},"end":{"line":15,"column":85}},"8":{"start":{"line":16,"column":0},"end":{"line":16,"column":87}},"9":{"start":{"line":17,"column":0},"end":{"line":17,"column":73}},"10":{"start":{"line":19,"column":0},"end":{"line":19,"column":24}}},"fnMap":{},"branchMap":{},"s":{"0":2,"1":2,"2":2,"3":2,"4":2,"5":2,"6":2,"7":2,"8":2,"9":2,"10":2},"f":{},"b":{},"_coverageSchema":"1a1c01bbd47fc00a2c39e90264f33305004495a9","hash":"a13396567e86bc75362b5a7bab4f091464c1705b"}
,"C:\\Users\\jhanp\\Downloads\\proyecto-taller\\genesis-motors-backend\\src\\routes\\workOrder.routes.js": {"path":"C:\\Users\\jhanp\\Downloads\\proyecto-taller\\genesis-motors-backend\\src\\routes\\workOrder.routes.js","statementMap":{"0":{"start":{"line":1,"column":16},"end":{"line":1,"column":34}},"1":{"start":{"line":2,"column":15},"end":{"line":2,"column":31}},"2":{"start":{"line":3,"column":28},"end":{"line":3,"column":74}},"3":{"start":{"line":4,"column":43},"end":{"line":4,"column":83}},"4":{"start":{"line":6,"column":0},"end":{"line":6,"column":27}},"5":{"start":{"line":9,"column":0},"end":{"line":9,"column":98}},"6":{"start":{"line":12,"column":0},"end":{"line":12,"column":102}},"7":{"start":{"line":15,"column":0},"end":{"line":15,"column":87}},"8":{"start":{"line":18,"column":0},"end":{"line":18,"column":99}},"9":{"start":{"line":21,"column":0},"end":{"line":21,"column":106}},"10":{"start":{"line":24,"column":0},"end":{"line":24,"column":99}},"11":{"start":{"line":26,"column":0},"end":{"line":26,"column":24}}},"fnMap":{},"branchMap":{},"s":{"0":2,"1":2,"2":2,"3":2,"4":2,"5":2,"6":2,"7":2,"8":2,"9":2,"10":2,"11":2},"f":{},"b":{},"_coverageSchema":"1a1c01bbd47fc00a2c39e90264f33305004495a9","hash":"c6d58461b70ca519f2c1ecde235d9a570f26cb99"}
}
